<?xml version="1.0" encoding="UTF-8"?>
<testsuite xmlns:xsi="http://www.w3.org/2001/XMLSchema-instance" xsi:noNamespaceSchemaLocation="https://maven.apache.org/surefire/maven-surefire-plugin/xsd/surefire-test-report.xsd" name="cs.lab.RegistraAppTest" time="0.793" tests="101" errors="0" skipped="0" failures="0">
  <properties>
    <property name="java.specification.version" value="13"/>
    <property name="sun.jnu.encoding" value="UTF-8"/>
    <property name="java.class.path" value="/Users/carlosreategui/Desktop/pc1-CarlosReategui/target/test-classes:/Users/carlosreategui/Desktop/pc1-CarlosReategui/target/classes:/Users/carlosreategui/.m2/repository/org/testng/testng/7.3.0/testng-7.3.0.jar:/Users/carlosreategui/.m2/repository/com/beust/jcommander/1.78/jcommander-1.78.jar:/Users/carlosreategui/.m2/repository/org/apache/ant/ant/1.10.3/ant-1.10.3.jar:/Users/carlosreategui/.m2/repository/org/apache/ant/ant-launcher/1.10.3/ant-launcher-1.10.3.jar:/Users/carlosreategui/.m2/repository/junit/junit/4.12/junit-4.12.jar:/Users/carlosreategui/.m2/repository/org/hamcrest/hamcrest-core/1.3/hamcrest-core-1.3.jar:/Users/carlosreategui/.m2/repository/com/google/inject/guice/4.2.2/guice-4.2.2-no_aop.jar:/Users/carlosreategui/.m2/repository/javax/inject/javax.inject/1/javax.inject-1.jar:/Users/carlosreategui/.m2/repository/aopalliance/aopalliance/1.0/aopalliance-1.0.jar:/Users/carlosreategui/.m2/repository/com/google/guava/guava/25.1-android/guava-25.1-android.jar:/Users/carlosreategui/.m2/repository/com/google/code/findbugs/jsr305/3.0.2/jsr305-3.0.2.jar:/Users/carlosreategui/.m2/repository/org/checkerframework/checker-compat-qual/2.0.0/checker-compat-qual-2.0.0.jar:/Users/carlosreategui/.m2/repository/com/google/errorprone/error_prone_annotations/2.1.3/error_prone_annotations-2.1.3.jar:/Users/carlosreategui/.m2/repository/com/google/j2objc/j2objc-annotations/1.1/j2objc-annotations-1.1.jar:/Users/carlosreategui/.m2/repository/org/codehaus/mojo/animal-sniffer-annotations/1.14/animal-sniffer-annotations-1.14.jar:/Users/carlosreategui/.m2/repository/org/yaml/snakeyaml/1.21/snakeyaml-1.21.jar:/Users/carlosreategui/.m2/repository/org/apache/logging/log4j/log4j-api/2.13.3/log4j-api-2.13.3.jar:/Users/carlosreategui/.m2/repository/org/apache/logging/log4j/log4j-core/2.13.3/log4j-core-2.13.3.jar:"/>
    <property name="java.vm.vendor" value="Oracle Corporation"/>
    <property name="sun.arch.data.model" value="64"/>
    <property name="java.vendor.url" value="https://openjdk.java.net/"/>
    <property name="os.name" value="Mac OS X"/>
    <property name="java.vm.specification.version" value="13"/>
    <property name="sun.java.launcher" value="SUN_STANDARD"/>
    <property name="user.country" value="PE"/>
    <property name="sun.boot.library.path" value="/usr/local/Cellar/openjdk/13.0.2+8_2/libexec/openjdk.jdk/Contents/Home/lib"/>
    <property name="sun.java.command" value="/Users/carlosreategui/Desktop/pc1-CarlosReategui/target/surefire/surefirebooter4497629943230202398.jar /Users/carlosreategui/Desktop/pc1-CarlosReategui/target/surefire 2020-10-08T09-56-35_084-jvmRun1 surefire16630114427142967500tmp surefire_012283113970162906670tmp"/>
    <property name="http.nonProxyHosts" value="local|*.local|169.254/16|*.169.254/16"/>
    <property name="jdk.debug" value="release"/>
    <property name="surefire.test.class.path" value="/Users/carlosreategui/Desktop/pc1-CarlosReategui/target/test-classes:/Users/carlosreategui/Desktop/pc1-CarlosReategui/target/classes:/Users/carlosreategui/.m2/repository/org/testng/testng/7.3.0/testng-7.3.0.jar:/Users/carlosreategui/.m2/repository/com/beust/jcommander/1.78/jcommander-1.78.jar:/Users/carlosreategui/.m2/repository/org/apache/ant/ant/1.10.3/ant-1.10.3.jar:/Users/carlosreategui/.m2/repository/org/apache/ant/ant-launcher/1.10.3/ant-launcher-1.10.3.jar:/Users/carlosreategui/.m2/repository/junit/junit/4.12/junit-4.12.jar:/Users/carlosreategui/.m2/repository/org/hamcrest/hamcrest-core/1.3/hamcrest-core-1.3.jar:/Users/carlosreategui/.m2/repository/com/google/inject/guice/4.2.2/guice-4.2.2-no_aop.jar:/Users/carlosreategui/.m2/repository/javax/inject/javax.inject/1/javax.inject-1.jar:/Users/carlosreategui/.m2/repository/aopalliance/aopalliance/1.0/aopalliance-1.0.jar:/Users/carlosreategui/.m2/repository/com/google/guava/guava/25.1-android/guava-25.1-android.jar:/Users/carlosreategui/.m2/repository/com/google/code/findbugs/jsr305/3.0.2/jsr305-3.0.2.jar:/Users/carlosreategui/.m2/repository/org/checkerframework/checker-compat-qual/2.0.0/checker-compat-qual-2.0.0.jar:/Users/carlosreategui/.m2/repository/com/google/errorprone/error_prone_annotations/2.1.3/error_prone_annotations-2.1.3.jar:/Users/carlosreategui/.m2/repository/com/google/j2objc/j2objc-annotations/1.1/j2objc-annotations-1.1.jar:/Users/carlosreategui/.m2/repository/org/codehaus/mojo/animal-sniffer-annotations/1.14/animal-sniffer-annotations-1.14.jar:/Users/carlosreategui/.m2/repository/org/yaml/snakeyaml/1.21/snakeyaml-1.21.jar:/Users/carlosreategui/.m2/repository/org/apache/logging/log4j/log4j-api/2.13.3/log4j-api-2.13.3.jar:/Users/carlosreategui/.m2/repository/org/apache/logging/log4j/log4j-core/2.13.3/log4j-core-2.13.3.jar:"/>
    <property name="sun.cpu.endian" value="little"/>
    <property name="user.home" value="/Users/carlosreategui"/>
    <property name="user.language" value="en"/>
    <property name="java.specification.vendor" value="Oracle Corporation"/>
    <property name="java.version.date" value="2020-01-14"/>
    <property name="java.home" value="/usr/local/Cellar/openjdk/13.0.2+8_2/libexec/openjdk.jdk/Contents/Home"/>
    <property name="file.separator" value="/"/>
    <property name="basedir" value="/Users/carlosreategui/Desktop/pc1-CarlosReategui"/>
    <property name="java.vm.compressedOopsMode" value="Zero based"/>
    <property name="line.separator" value="&#10;"/>
    <property name="java.specification.name" value="Java Platform API Specification"/>
    <property name="java.vm.specification.vendor" value="Oracle Corporation"/>
    <property name="surefire.real.class.path" value="/Users/carlosreategui/Desktop/pc1-CarlosReategui/target/surefire/surefirebooter4497629943230202398.jar"/>
    <property name="sun.management.compiler" value="HotSpot 64-Bit Tiered Compilers"/>
    <property name="ftp.nonProxyHosts" value="local|*.local|169.254/16|*.169.254/16"/>
    <property name="java.runtime.version" value="13.0.2+8"/>
    <property name="user.name" value="carlosreategui"/>
    <property name="path.separator" value=":"/>
    <property name="os.version" value="10.15.6"/>
    <property name="java.runtime.name" value="OpenJDK Runtime Environment"/>
    <property name="file.encoding" value="UTF-8"/>
    <property name="java.vm.name" value="OpenJDK 64-Bit Server VM"/>
    <property name="localRepository" value="/Users/carlosreategui/.m2/repository"/>
    <property name="java.vendor.url.bug" value="https://bugreport.java.com/bugreport/"/>
    <property name="java.io.tmpdir" value="/var/folders/99/kd7_0wt1019gvgr156sphqg80000gn/T/"/>
    <property name="java.version" value="13.0.2"/>
    <property name="user.dir" value="/Users/carlosreategui/Desktop/pc1-CarlosReategui"/>
    <property name="os.arch" value="x86_64"/>
    <property name="java.vm.specification.name" value="Java Virtual Machine Specification"/>
    <property name="java.library.path" value="/Users/carlosreategui/Library/Java/Extensions:/Library/Java/Extensions:/Network/Library/Java/Extensions:/System/Library/Java/Extensions:/usr/lib/java:."/>
    <property name="java.vm.info" value="mixed mode, sharing"/>
    <property name="java.vendor" value="N/A"/>
    <property name="java.vm.version" value="13.0.2+8"/>
    <property name="sun.io.unicode.encoding" value="UnicodeBig"/>
    <property name="socksNonProxyHosts" value="local|*.local|169.254/16|*.169.254/16"/>
    <property name="java.class.version" value="57.0"/>
  </properties>
  <testcase name="testCase0" classname="cs.lab.RegistraAppTest" time="0.049"/>
  <testcase name="testCase1" classname="cs.lab.RegistraAppTest" time="0"/>
  <testcase name="testCase1" classname="cs.lab.RegistraAppTest" time="0.002"/>
  <testcase name="testCase1" classname="cs.lab.RegistraAppTest" time="0.003"/>
  <testcase name="testCase1" classname="cs.lab.RegistraAppTest" time="0.007"/>
  <testcase name="testCase1" classname="cs.lab.RegistraAppTest" time="0.011"/>
  <testcase name="testCase1" classname="cs.lab.RegistraAppTest" time="0.013"/>
  <testcase name="testCase1" classname="cs.lab.RegistraAppTest" time="0.001"/>
  <testcase name="testCase1" classname="cs.lab.RegistraAppTest" time="0.002"/>
  <testcase name="testCase1" classname="cs.lab.RegistraAppTest" time="0"/>
  <testcase name="testCase1" classname="cs.lab.RegistraAppTest" time="0.001"/>
  <testcase name="testCase1" classname="cs.lab.RegistraAppTest" time="0"/>
  <testcase name="testCase1" classname="cs.lab.RegistraAppTest" time="0.002"/>
  <testcase name="testCase1" classname="cs.lab.RegistraAppTest" time="0.002"/>
  <testcase name="testCase1" classname="cs.lab.RegistraAppTest" time="0.001"/>
  <testcase name="testCase1" classname="cs.lab.RegistraAppTest" time="0.004"/>
  <testcase name="testCase1" classname="cs.lab.RegistraAppTest" time="0.001"/>
  <testcase name="testCase1" classname="cs.lab.RegistraAppTest" time="0.001"/>
  <testcase name="testCase1" classname="cs.lab.RegistraAppTest" time="0.001"/>
  <testcase name="testCase1" classname="cs.lab.RegistraAppTest" time="0.001"/>
  <testcase name="testCase1" classname="cs.lab.RegistraAppTest" time="0.012"/>
  <testcase name="testCase1" classname="cs.lab.RegistraAppTest" time="0.016"/>
  <testcase name="testCase1" classname="cs.lab.RegistraAppTest" time="0.038"/>
  <testcase name="testCase1" classname="cs.lab.RegistraAppTest" time="0.04"/>
  <testcase name="testCase1" classname="cs.lab.RegistraAppTest" time="0.075"/>
  <testcase name="testCase1" classname="cs.lab.RegistraAppTest" time="0.104"/>
  <testcase name="testCase1" classname="cs.lab.RegistraAppTest" time="0.109"/>
  <testcase name="testCase1" classname="cs.lab.RegistraAppTest" time="0.134"/>
  <testcase name="testCase1" classname="cs.lab.RegistraAppTest" time="0.152"/>
  <testcase name="testCase1" classname="cs.lab.RegistraAppTest" time="0.155"/>
  <testcase name="testCase1" classname="cs.lab.RegistraAppTest" time="0.156"/>
  <testcase name="testCase1" classname="cs.lab.RegistraAppTest" time="0.159"/>
  <testcase name="testCase1" classname="cs.lab.RegistraAppTest" time="0.161"/>
  <testcase name="testCase1" classname="cs.lab.RegistraAppTest" time="0.162"/>
  <testcase name="testCase1" classname="cs.lab.RegistraAppTest" time="0.162"/>
  <testcase name="testCase1" classname="cs.lab.RegistraAppTest" time="0.163"/>
  <testcase name="testCase1" classname="cs.lab.RegistraAppTest" time="0.164"/>
  <testcase name="testCase1" classname="cs.lab.RegistraAppTest" time="0.165"/>
  <testcase name="testCase1" classname="cs.lab.RegistraAppTest" time="0.166"/>
  <testcase name="testCase1" classname="cs.lab.RegistraAppTest" time="0.167"/>
  <testcase name="testCase1" classname="cs.lab.RegistraAppTest" time="0.167"/>
  <testcase name="testCase1" classname="cs.lab.RegistraAppTest" time="0.169"/>
  <testcase name="testCase1" classname="cs.lab.RegistraAppTest" time="0.174"/>
  <testcase name="testCase1" classname="cs.lab.RegistraAppTest" time="0.175"/>
  <testcase name="testCase1" classname="cs.lab.RegistraAppTest" time="0.179"/>
  <testcase name="testCase1" classname="cs.lab.RegistraAppTest" time="0.186"/>
  <testcase name="testCase1" classname="cs.lab.RegistraAppTest" time="0.186"/>
  <testcase name="testCase1" classname="cs.lab.RegistraAppTest" time="0.187"/>
  <testcase name="testCase1" classname="cs.lab.RegistraAppTest" time="0.189"/>
  <testcase name="testCase1" classname="cs.lab.RegistraAppTest" time="0.192"/>
  <testcase name="testCase1" classname="cs.lab.RegistraAppTest" time="0.199"/>
  <testcase name="testCase1" classname="cs.lab.RegistraAppTest" time="0.205"/>
  <testcase name="testCase1" classname="cs.lab.RegistraAppTest" time="0.216"/>
  <testcase name="testCase1" classname="cs.lab.RegistraAppTest" time="0.219"/>
  <testcase name="testCase1" classname="cs.lab.RegistraAppTest" time="0.224"/>
  <testcase name="testCase1" classname="cs.lab.RegistraAppTest" time="0.225"/>
  <testcase name="testCase1" classname="cs.lab.RegistraAppTest" time="0.226"/>
  <testcase name="testCase1" classname="cs.lab.RegistraAppTest" time="0.228"/>
  <testcase name="testCase1" classname="cs.lab.RegistraAppTest" time="0.229"/>
  <testcase name="testCase1" classname="cs.lab.RegistraAppTest" time="0.229"/>
  <testcase name="testCase1" classname="cs.lab.RegistraAppTest" time="0.23"/>
  <testcase name="testCase1" classname="cs.lab.RegistraAppTest" time="0.23"/>
  <testcase name="testCase1" classname="cs.lab.RegistraAppTest" time="0.231"/>
  <testcase name="testCase1" classname="cs.lab.RegistraAppTest" time="0.232"/>
  <testcase name="testCase1" classname="cs.lab.RegistraAppTest" time="0.233"/>
  <testcase name="testCase1" classname="cs.lab.RegistraAppTest" time="0.235"/>
  <testcase name="testCase1" classname="cs.lab.RegistraAppTest" time="0.236"/>
  <testcase name="testCase1" classname="cs.lab.RegistraAppTest" time="0.237"/>
  <testcase name="testCase1" classname="cs.lab.RegistraAppTest" time="0.238"/>
  <testcase name="testCase1" classname="cs.lab.RegistraAppTest" time="0.239"/>
  <testcase name="testCase1" classname="cs.lab.RegistraAppTest" time="0.239"/>
  <testcase name="testCase1" classname="cs.lab.RegistraAppTest" time="0.24"/>
  <testcase name="testCase1" classname="cs.lab.RegistraAppTest" time="0.241"/>
  <testcase name="testCase1" classname="cs.lab.RegistraAppTest" time="0.242"/>
  <testcase name="testCase1" classname="cs.lab.RegistraAppTest" time="0.243"/>
  <testcase name="testCase1" classname="cs.lab.RegistraAppTest" time="0.244"/>
  <testcase name="testCase1" classname="cs.lab.RegistraAppTest" time="0.244"/>
  <testcase name="testCase1" classname="cs.lab.RegistraAppTest" time="0.245"/>
  <testcase name="testCase1" classname="cs.lab.RegistraAppTest" time="0.245"/>
  <testcase name="testCase1" classname="cs.lab.RegistraAppTest" time="0.246"/>
  <testcase name="testCase1" classname="cs.lab.RegistraAppTest" time="0.246"/>
  <testcase name="testCase1" classname="cs.lab.RegistraAppTest" time="0.247"/>
  <testcase name="testCase1" classname="cs.lab.RegistraAppTest" time="0.248"/>
  <testcase name="testCase1" classname="cs.lab.RegistraAppTest" time="0.249"/>
  <testcase name="testCase1" classname="cs.lab.RegistraAppTest" time="0.249"/>
  <testcase name="testCase1" classname="cs.lab.RegistraAppTest" time="0.25"/>
  <testcase name="testCase1" classname="cs.lab.RegistraAppTest" time="0.25"/>
  <testcase name="testCase1" classname="cs.lab.RegistraAppTest" time="0.251"/>
  <testcase name="testCase1" classname="cs.lab.RegistraAppTest" time="0.252"/>
  <testcase name="testCase1" classname="cs.lab.RegistraAppTest" time="0.253"/>
  <testcase name="testCase1" classname="cs.lab.RegistraAppTest" time="0.254"/>
  <testcase name="testCase1" classname="cs.lab.RegistraAppTest" time="0.255"/>
  <testcase name="testCase1" classname="cs.lab.RegistraAppTest" time="0.256"/>
  <testcase name="testCase1" classname="cs.lab.RegistraAppTest" time="0.257"/>
  <testcase name="testCase1" classname="cs.lab.RegistraAppTest" time="0.258"/>
  <testcase name="testCase1" classname="cs.lab.RegistraAppTest" time="0.258"/>
  <testcase name="testCase1" classname="cs.lab.RegistraAppTest" time="0.259"/>
  <testcase name="testCase1" classname="cs.lab.RegistraAppTest" time="0.259"/>
  <testcase name="testCase1" classname="cs.lab.RegistraAppTest" time="0.26"/>
  <testcase name="testCase1" classname="cs.lab.RegistraAppTest" time="0.265"/>
  <testcase name="testCase1" classname="cs.lab.RegistraAppTest" time="0.267"/>
</testsuite>