<?xml version="1.0" encoding="UTF-8"?>
<testsuite xmlns:xsi="http://www.w3.org/2001/XMLSchema-instance" xsi:noNamespaceSchemaLocation="https://maven.apache.org/surefire/maven-surefire-plugin/xsd/surefire-test-report.xsd" name="cs.lab.RegistraAppTest" time="0.842" tests="103" errors="0" skipped="0" failures="0">
  <properties>
    <property name="java.specification.version" value="13"/>
    <property name="sun.jnu.encoding" value="UTF-8"/>
    <property name="java.class.path" value="/Users/carlosreategui/Desktop/pc1-CarlosReategui/target/test-classes:/Users/carlosreategui/Desktop/pc1-CarlosReategui/target/classes:/Users/carlosreategui/.m2/repository/org/testng/testng/7.3.0/testng-7.3.0.jar:/Users/carlosreategui/.m2/repository/com/beust/jcommander/1.78/jcommander-1.78.jar:/Users/carlosreategui/.m2/repository/org/apache/ant/ant/1.10.3/ant-1.10.3.jar:/Users/carlosreategui/.m2/repository/org/apache/ant/ant-launcher/1.10.3/ant-launcher-1.10.3.jar:/Users/carlosreategui/.m2/repository/junit/junit/4.12/junit-4.12.jar:/Users/carlosreategui/.m2/repository/org/hamcrest/hamcrest-core/1.3/hamcrest-core-1.3.jar:/Users/carlosreategui/.m2/repository/com/google/inject/guice/4.2.2/guice-4.2.2-no_aop.jar:/Users/carlosreategui/.m2/repository/javax/inject/javax.inject/1/javax.inject-1.jar:/Users/carlosreategui/.m2/repository/aopalliance/aopalliance/1.0/aopalliance-1.0.jar:/Users/carlosreategui/.m2/repository/com/google/guava/guava/25.1-android/guava-25.1-android.jar:/Users/carlosreategui/.m2/repository/com/google/code/findbugs/jsr305/3.0.2/jsr305-3.0.2.jar:/Users/carlosreategui/.m2/repository/org/checkerframework/checker-compat-qual/2.0.0/checker-compat-qual-2.0.0.jar:/Users/carlosreategui/.m2/repository/com/google/errorprone/error_prone_annotations/2.1.3/error_prone_annotations-2.1.3.jar:/Users/carlosreategui/.m2/repository/com/google/j2objc/j2objc-annotations/1.1/j2objc-annotations-1.1.jar:/Users/carlosreategui/.m2/repository/org/codehaus/mojo/animal-sniffer-annotations/1.14/animal-sniffer-annotations-1.14.jar:/Users/carlosreategui/.m2/repository/org/yaml/snakeyaml/1.21/snakeyaml-1.21.jar:/Users/carlosreategui/.m2/repository/org/apache/logging/log4j/log4j-api/2.13.3/log4j-api-2.13.3.jar:/Users/carlosreategui/.m2/repository/org/apache/logging/log4j/log4j-core/2.13.3/log4j-core-2.13.3.jar:"/>
    <property name="java.vm.vendor" value="Oracle Corporation"/>
    <property name="sun.arch.data.model" value="64"/>
    <property name="java.vendor.url" value="https://openjdk.java.net/"/>
    <property name="os.name" value="Mac OS X"/>
    <property name="java.vm.specification.version" value="13"/>
    <property name="sun.java.launcher" value="SUN_STANDARD"/>
    <property name="user.country" value="PE"/>
    <property name="sun.boot.library.path" value="/usr/local/Cellar/openjdk/13.0.2+8_2/libexec/openjdk.jdk/Contents/Home/lib"/>
    <property name="sun.java.command" value="/Users/carlosreategui/Desktop/pc1-CarlosReategui/target/surefire/surefirebooter13918501348875812729.jar /Users/carlosreategui/Desktop/pc1-CarlosReategui/target/surefire 2020-10-08T10-11-02_802-jvmRun1 surefire4224723431945933217tmp surefire_0538089135751822524tmp"/>
    <property name="http.nonProxyHosts" value="local|*.local|169.254/16|*.169.254/16"/>
    <property name="jdk.debug" value="release"/>
    <property name="surefire.test.class.path" value="/Users/carlosreategui/Desktop/pc1-CarlosReategui/target/test-classes:/Users/carlosreategui/Desktop/pc1-CarlosReategui/target/classes:/Users/carlosreategui/.m2/repository/org/testng/testng/7.3.0/testng-7.3.0.jar:/Users/carlosreategui/.m2/repository/com/beust/jcommander/1.78/jcommander-1.78.jar:/Users/carlosreategui/.m2/repository/org/apache/ant/ant/1.10.3/ant-1.10.3.jar:/Users/carlosreategui/.m2/repository/org/apache/ant/ant-launcher/1.10.3/ant-launcher-1.10.3.jar:/Users/carlosreategui/.m2/repository/junit/junit/4.12/junit-4.12.jar:/Users/carlosreategui/.m2/repository/org/hamcrest/hamcrest-core/1.3/hamcrest-core-1.3.jar:/Users/carlosreategui/.m2/repository/com/google/inject/guice/4.2.2/guice-4.2.2-no_aop.jar:/Users/carlosreategui/.m2/repository/javax/inject/javax.inject/1/javax.inject-1.jar:/Users/carlosreategui/.m2/repository/aopalliance/aopalliance/1.0/aopalliance-1.0.jar:/Users/carlosreategui/.m2/repository/com/google/guava/guava/25.1-android/guava-25.1-android.jar:/Users/carlosreategui/.m2/repository/com/google/code/findbugs/jsr305/3.0.2/jsr305-3.0.2.jar:/Users/carlosreategui/.m2/repository/org/checkerframework/checker-compat-qual/2.0.0/checker-compat-qual-2.0.0.jar:/Users/carlosreategui/.m2/repository/com/google/errorprone/error_prone_annotations/2.1.3/error_prone_annotations-2.1.3.jar:/Users/carlosreategui/.m2/repository/com/google/j2objc/j2objc-annotations/1.1/j2objc-annotations-1.1.jar:/Users/carlosreategui/.m2/repository/org/codehaus/mojo/animal-sniffer-annotations/1.14/animal-sniffer-annotations-1.14.jar:/Users/carlosreategui/.m2/repository/org/yaml/snakeyaml/1.21/snakeyaml-1.21.jar:/Users/carlosreategui/.m2/repository/org/apache/logging/log4j/log4j-api/2.13.3/log4j-api-2.13.3.jar:/Users/carlosreategui/.m2/repository/org/apache/logging/log4j/log4j-core/2.13.3/log4j-core-2.13.3.jar:"/>
    <property name="sun.cpu.endian" value="little"/>
    <property name="user.home" value="/Users/carlosreategui"/>
    <property name="user.language" value="en"/>
    <property name="java.specification.vendor" value="Oracle Corporation"/>
    <property name="java.version.date" value="2020-01-14"/>
    <property name="java.home" value="/usr/local/Cellar/openjdk/13.0.2+8_2/libexec/openjdk.jdk/Contents/Home"/>
    <property name="file.separator" value="/"/>
    <property name="basedir" value="/Users/carlosreategui/Desktop/pc1-CarlosReategui"/>
    <property name="java.vm.compressedOopsMode" value="Zero based"/>
    <property name="line.separator" value="&#10;"/>
    <property name="java.specification.name" value="Java Platform API Specification"/>
    <property name="java.vm.specification.vendor" value="Oracle Corporation"/>
    <property name="surefire.real.class.path" value="/Users/carlosreategui/Desktop/pc1-CarlosReategui/target/surefire/surefirebooter13918501348875812729.jar"/>
    <property name="sun.management.compiler" value="HotSpot 64-Bit Tiered Compilers"/>
    <property name="ftp.nonProxyHosts" value="local|*.local|169.254/16|*.169.254/16"/>
    <property name="java.runtime.version" value="13.0.2+8"/>
    <property name="user.name" value="carlosreategui"/>
    <property name="path.separator" value=":"/>
    <property name="os.version" value="10.15.6"/>
    <property name="java.runtime.name" value="OpenJDK Runtime Environment"/>
    <property name="file.encoding" value="UTF-8"/>
    <property name="java.vm.name" value="OpenJDK 64-Bit Server VM"/>
    <property name="localRepository" value="/Users/carlosreategui/.m2/repository"/>
    <property name="java.vendor.url.bug" value="https://bugreport.java.com/bugreport/"/>
    <property name="java.io.tmpdir" value="/var/folders/99/kd7_0wt1019gvgr156sphqg80000gn/T/"/>
    <property name="java.version" value="13.0.2"/>
    <property name="user.dir" value="/Users/carlosreategui/Desktop/pc1-CarlosReategui"/>
    <property name="os.arch" value="x86_64"/>
    <property name="java.vm.specification.name" value="Java Virtual Machine Specification"/>
    <property name="java.library.path" value="/Users/carlosreategui/Library/Java/Extensions:/Library/Java/Extensions:/Network/Library/Java/Extensions:/System/Library/Java/Extensions:/usr/lib/java:."/>
    <property name="java.vm.info" value="mixed mode, sharing"/>
    <property name="java.vendor" value="N/A"/>
    <property name="java.vm.version" value="13.0.2+8"/>
    <property name="sun.io.unicode.encoding" value="UnicodeBig"/>
    <property name="socksNonProxyHosts" value="local|*.local|169.254/16|*.169.254/16"/>
    <property name="java.class.version" value="57.0"/>
  </properties>
  <testcase name="testCase0" classname="cs.lab.RegistraAppTest" time="0.051"/>
  <testcase name="testCase1" classname="cs.lab.RegistraAppTest" time="0.002"/>
  <testcase name="testCase1" classname="cs.lab.RegistraAppTest" time="0.01"/>
  <testcase name="testCase1" classname="cs.lab.RegistraAppTest" time="0.011"/>
  <testcase name="testCase1" classname="cs.lab.RegistraAppTest" time="0.012"/>
  <testcase name="testCase1" classname="cs.lab.RegistraAppTest" time="0.015"/>
  <testcase name="testCase1" classname="cs.lab.RegistraAppTest" time="0.007"/>
  <testcase name="testCase1" classname="cs.lab.RegistraAppTest" time="0.007"/>
  <testcase name="testCase1" classname="cs.lab.RegistraAppTest" time="0.008"/>
  <testcase name="testCase1" classname="cs.lab.RegistraAppTest" time="0.009"/>
  <testcase name="testCase1" classname="cs.lab.RegistraAppTest" time="0.01"/>
  <testcase name="testCase1" classname="cs.lab.RegistraAppTest" time="0.013"/>
  <testcase name="testCase1" classname="cs.lab.RegistraAppTest" time="0.013"/>
  <testcase name="testCase1" classname="cs.lab.RegistraAppTest" time="0"/>
  <testcase name="testCase1" classname="cs.lab.RegistraAppTest" time="0.001"/>
  <testcase name="testCase1" classname="cs.lab.RegistraAppTest" time="0.002"/>
  <testcase name="testCase1" classname="cs.lab.RegistraAppTest" time="0.03"/>
  <testcase name="testCase1" classname="cs.lab.RegistraAppTest" time="0.002"/>
  <testcase name="testCase1" classname="cs.lab.RegistraAppTest" time="0.003"/>
  <testcase name="testCase1" classname="cs.lab.RegistraAppTest" time="0.004"/>
  <testcase name="testCase1" classname="cs.lab.RegistraAppTest" time="0.007"/>
  <testcase name="testCase1" classname="cs.lab.RegistraAppTest" time="0.007"/>
  <testcase name="testCase1" classname="cs.lab.RegistraAppTest" time="0.01"/>
  <testcase name="testCase1" classname="cs.lab.RegistraAppTest" time="0"/>
  <testcase name="testCase1" classname="cs.lab.RegistraAppTest" time="0.001"/>
  <testcase name="testCase1" classname="cs.lab.RegistraAppTest" time="0.001"/>
  <testcase name="testCase1" classname="cs.lab.RegistraAppTest" time="0.001"/>
  <testcase name="testCase1" classname="cs.lab.RegistraAppTest" time="0"/>
  <testcase name="testCase1" classname="cs.lab.RegistraAppTest" time="0"/>
  <testcase name="testCase1" classname="cs.lab.RegistraAppTest" time="0"/>
  <testcase name="testCase1" classname="cs.lab.RegistraAppTest" time="0.031"/>
  <testcase name="testCase1" classname="cs.lab.RegistraAppTest" time="0.034"/>
  <testcase name="testCase1" classname="cs.lab.RegistraAppTest" time="0.035"/>
  <testcase name="testCase1" classname="cs.lab.RegistraAppTest" time="0.039"/>
  <testcase name="testCase1" classname="cs.lab.RegistraAppTest" time="0.041"/>
  <testcase name="testCase1" classname="cs.lab.RegistraAppTest" time="0.05"/>
  <testcase name="testCase1" classname="cs.lab.RegistraAppTest" time="0.051"/>
  <testcase name="testCase1" classname="cs.lab.RegistraAppTest" time="0.052"/>
  <testcase name="testCase1" classname="cs.lab.RegistraAppTest" time="0.054"/>
  <testcase name="testCase1" classname="cs.lab.RegistraAppTest" time="0.06"/>
  <testcase name="testCase1" classname="cs.lab.RegistraAppTest" time="0.09"/>
  <testcase name="testCase1" classname="cs.lab.RegistraAppTest" time="0.094"/>
  <testcase name="testCase1" classname="cs.lab.RegistraAppTest" time="0.096"/>
  <testcase name="testCase1" classname="cs.lab.RegistraAppTest" time="0.098"/>
  <testcase name="testCase1" classname="cs.lab.RegistraAppTest" time="0.1"/>
  <testcase name="testCase1" classname="cs.lab.RegistraAppTest" time="0.101"/>
  <testcase name="testCase1" classname="cs.lab.RegistraAppTest" time="0.102"/>
  <testcase name="testCase1" classname="cs.lab.RegistraAppTest" time="0.104"/>
  <testcase name="testCase1" classname="cs.lab.RegistraAppTest" time="0.106"/>
  <testcase name="testCase1" classname="cs.lab.RegistraAppTest" time="0.107"/>
  <testcase name="testCase1" classname="cs.lab.RegistraAppTest" time="0.109"/>
  <testcase name="testCase1" classname="cs.lab.RegistraAppTest" time="0.11"/>
  <testcase name="testCase1" classname="cs.lab.RegistraAppTest" time="0.111"/>
  <testcase name="testCase1" classname="cs.lab.RegistraAppTest" time="0.112"/>
  <testcase name="testCase1" classname="cs.lab.RegistraAppTest" time="0.113"/>
  <testcase name="testCase1" classname="cs.lab.RegistraAppTest" time="0.114"/>
  <testcase name="testCase1" classname="cs.lab.RegistraAppTest" time="0.114"/>
  <testcase name="testCase1" classname="cs.lab.RegistraAppTest" time="0.115"/>
  <testcase name="testCase1" classname="cs.lab.RegistraAppTest" time="0.115"/>
  <testcase name="testCase1" classname="cs.lab.RegistraAppTest" time="0.116"/>
  <testcase name="testCase1" classname="cs.lab.RegistraAppTest" time="0.116"/>
  <testcase name="testCase1" classname="cs.lab.RegistraAppTest" time="0.117"/>
  <testcase name="testCase1" classname="cs.lab.RegistraAppTest" time="0.117"/>
  <testcase name="testCase1" classname="cs.lab.RegistraAppTest" time="0.118"/>
  <testcase name="testCase1" classname="cs.lab.RegistraAppTest" time="0.119"/>
  <testcase name="testCase1" classname="cs.lab.RegistraAppTest" time="0.119"/>
  <testcase name="testCase1" classname="cs.lab.RegistraAppTest" time="0.12"/>
  <testcase name="testCase1" classname="cs.lab.RegistraAppTest" time="0.12"/>
  <testcase name="testCase1" classname="cs.lab.RegistraAppTest" time="0.121"/>
  <testcase name="testCase1" classname="cs.lab.RegistraAppTest" time="0.122"/>
  <testcase name="testCase1" classname="cs.lab.RegistraAppTest" time="0.122"/>
  <testcase name="testCase1" classname="cs.lab.RegistraAppTest" time="0.123"/>
  <testcase name="testCase1" classname="cs.lab.RegistraAppTest" time="0.124"/>
  <testcase name="testCase1" classname="cs.lab.RegistraAppTest" time="0.127"/>
  <testcase name="testCase1" classname="cs.lab.RegistraAppTest" time="0.129"/>
  <testcase name="testCase1" classname="cs.lab.RegistraAppTest" time="0.131"/>
  <testcase name="testCase1" classname="cs.lab.RegistraAppTest" time="0.132"/>
  <testcase name="testCase1" classname="cs.lab.RegistraAppTest" time="0.135"/>
  <testcase name="testCase1" classname="cs.lab.RegistraAppTest" time="0.139"/>
  <testcase name="testCase1" classname="cs.lab.RegistraAppTest" time="0.14"/>
  <testcase name="testCase1" classname="cs.lab.RegistraAppTest" time="0.141"/>
  <testcase name="testCase1" classname="cs.lab.RegistraAppTest" time="0.142"/>
  <testcase name="testCase1" classname="cs.lab.RegistraAppTest" time="0.143"/>
  <testcase name="testCase1" classname="cs.lab.RegistraAppTest" time="0.144"/>
  <testcase name="testCase1" classname="cs.lab.RegistraAppTest" time="0.145"/>
  <testcase name="testCase1" classname="cs.lab.RegistraAppTest" time="0.146"/>
  <testcase name="testCase1" classname="cs.lab.RegistraAppTest" time="0.146"/>
  <testcase name="testCase1" classname="cs.lab.RegistraAppTest" time="0.147"/>
  <testcase name="testCase1" classname="cs.lab.RegistraAppTest" time="0.147"/>
  <testcase name="testCase1" classname="cs.lab.RegistraAppTest" time="0.148"/>
  <testcase name="testCase1" classname="cs.lab.RegistraAppTest" time="0.148"/>
  <testcase name="testCase1" classname="cs.lab.RegistraAppTest" time="0.149"/>
  <testcase name="testCase1" classname="cs.lab.RegistraAppTest" time="0.15"/>
  <testcase name="testCase1" classname="cs.lab.RegistraAppTest" time="0.151"/>
  <testcase name="testCase1" classname="cs.lab.RegistraAppTest" time="0.152"/>
  <testcase name="testCase1" classname="cs.lab.RegistraAppTest" time="0.152"/>
  <testcase name="testCase1" classname="cs.lab.RegistraAppTest" time="0.153"/>
  <testcase name="testCase1" classname="cs.lab.RegistraAppTest" time="0.154"/>
  <testcase name="testCase1" classname="cs.lab.RegistraAppTest" time="0.155"/>
  <testcase name="testCase1" classname="cs.lab.RegistraAppTest" time="0.156"/>
  <testcase name="testCase1" classname="cs.lab.RegistraAppTest" time="0.156"/>
  <testcase name="testCase2" classname="cs.lab.RegistraAppTest" time="0.001"/>
  <testcase name="testCase3" classname="cs.lab.RegistraAppTest" time="0"/>
</testsuite>