<?xml version="1.0" encoding="UTF-8"?>
<testsuite xmlns:xsi="http://www.w3.org/2001/XMLSchema-instance" xsi:noNamespaceSchemaLocation="https://maven.apache.org/surefire/maven-surefire-plugin/xsd/surefire-test-report.xsd" name="cs.lab.RegistraAppTest" time="0.762" tests="101" errors="0" skipped="0" failures="0">
  <properties>
    <property name="java.specification.version" value="13"/>
    <property name="sun.jnu.encoding" value="UTF-8"/>
    <property name="java.class.path" value="/Users/carlosreategui/Desktop/pc1-CarlosReategui/target/test-classes:/Users/carlosreategui/Desktop/pc1-CarlosReategui/target/classes:/Users/carlosreategui/.m2/repository/org/testng/testng/7.3.0/testng-7.3.0.jar:/Users/carlosreategui/.m2/repository/com/beust/jcommander/1.78/jcommander-1.78.jar:/Users/carlosreategui/.m2/repository/org/apache/ant/ant/1.10.3/ant-1.10.3.jar:/Users/carlosreategui/.m2/repository/org/apache/ant/ant-launcher/1.10.3/ant-launcher-1.10.3.jar:/Users/carlosreategui/.m2/repository/junit/junit/4.12/junit-4.12.jar:/Users/carlosreategui/.m2/repository/org/hamcrest/hamcrest-core/1.3/hamcrest-core-1.3.jar:/Users/carlosreategui/.m2/repository/com/google/inject/guice/4.2.2/guice-4.2.2-no_aop.jar:/Users/carlosreategui/.m2/repository/javax/inject/javax.inject/1/javax.inject-1.jar:/Users/carlosreategui/.m2/repository/aopalliance/aopalliance/1.0/aopalliance-1.0.jar:/Users/carlosreategui/.m2/repository/com/google/guava/guava/25.1-android/guava-25.1-android.jar:/Users/carlosreategui/.m2/repository/com/google/code/findbugs/jsr305/3.0.2/jsr305-3.0.2.jar:/Users/carlosreategui/.m2/repository/org/checkerframework/checker-compat-qual/2.0.0/checker-compat-qual-2.0.0.jar:/Users/carlosreategui/.m2/repository/com/google/errorprone/error_prone_annotations/2.1.3/error_prone_annotations-2.1.3.jar:/Users/carlosreategui/.m2/repository/com/google/j2objc/j2objc-annotations/1.1/j2objc-annotations-1.1.jar:/Users/carlosreategui/.m2/repository/org/codehaus/mojo/animal-sniffer-annotations/1.14/animal-sniffer-annotations-1.14.jar:/Users/carlosreategui/.m2/repository/org/yaml/snakeyaml/1.21/snakeyaml-1.21.jar:/Users/carlosreategui/.m2/repository/org/apache/logging/log4j/log4j-api/2.13.3/log4j-api-2.13.3.jar:/Users/carlosreategui/.m2/repository/org/apache/logging/log4j/log4j-core/2.13.3/log4j-core-2.13.3.jar:"/>
    <property name="java.vm.vendor" value="Oracle Corporation"/>
    <property name="sun.arch.data.model" value="64"/>
    <property name="java.vendor.url" value="https://openjdk.java.net/"/>
    <property name="os.name" value="Mac OS X"/>
    <property name="java.vm.specification.version" value="13"/>
    <property name="sun.java.launcher" value="SUN_STANDARD"/>
    <property name="user.country" value="PE"/>
    <property name="sun.boot.library.path" value="/usr/local/Cellar/openjdk/13.0.2+8_2/libexec/openjdk.jdk/Contents/Home/lib"/>
    <property name="sun.java.command" value="/Users/carlosreategui/Desktop/pc1-CarlosReategui/target/surefire/surefirebooter17905497553552183612.jar /Users/carlosreategui/Desktop/pc1-CarlosReategui/target/surefire 2020-10-08T09-57-39_944-jvmRun1 surefire14970282634146965641tmp surefire_015056901876957080605tmp"/>
    <property name="http.nonProxyHosts" value="local|*.local|169.254/16|*.169.254/16"/>
    <property name="jdk.debug" value="release"/>
    <property name="surefire.test.class.path" value="/Users/carlosreategui/Desktop/pc1-CarlosReategui/target/test-classes:/Users/carlosreategui/Desktop/pc1-CarlosReategui/target/classes:/Users/carlosreategui/.m2/repository/org/testng/testng/7.3.0/testng-7.3.0.jar:/Users/carlosreategui/.m2/repository/com/beust/jcommander/1.78/jcommander-1.78.jar:/Users/carlosreategui/.m2/repository/org/apache/ant/ant/1.10.3/ant-1.10.3.jar:/Users/carlosreategui/.m2/repository/org/apache/ant/ant-launcher/1.10.3/ant-launcher-1.10.3.jar:/Users/carlosreategui/.m2/repository/junit/junit/4.12/junit-4.12.jar:/Users/carlosreategui/.m2/repository/org/hamcrest/hamcrest-core/1.3/hamcrest-core-1.3.jar:/Users/carlosreategui/.m2/repository/com/google/inject/guice/4.2.2/guice-4.2.2-no_aop.jar:/Users/carlosreategui/.m2/repository/javax/inject/javax.inject/1/javax.inject-1.jar:/Users/carlosreategui/.m2/repository/aopalliance/aopalliance/1.0/aopalliance-1.0.jar:/Users/carlosreategui/.m2/repository/com/google/guava/guava/25.1-android/guava-25.1-android.jar:/Users/carlosreategui/.m2/repository/com/google/code/findbugs/jsr305/3.0.2/jsr305-3.0.2.jar:/Users/carlosreategui/.m2/repository/org/checkerframework/checker-compat-qual/2.0.0/checker-compat-qual-2.0.0.jar:/Users/carlosreategui/.m2/repository/com/google/errorprone/error_prone_annotations/2.1.3/error_prone_annotations-2.1.3.jar:/Users/carlosreategui/.m2/repository/com/google/j2objc/j2objc-annotations/1.1/j2objc-annotations-1.1.jar:/Users/carlosreategui/.m2/repository/org/codehaus/mojo/animal-sniffer-annotations/1.14/animal-sniffer-annotations-1.14.jar:/Users/carlosreategui/.m2/repository/org/yaml/snakeyaml/1.21/snakeyaml-1.21.jar:/Users/carlosreategui/.m2/repository/org/apache/logging/log4j/log4j-api/2.13.3/log4j-api-2.13.3.jar:/Users/carlosreategui/.m2/repository/org/apache/logging/log4j/log4j-core/2.13.3/log4j-core-2.13.3.jar:"/>
    <property name="sun.cpu.endian" value="little"/>
    <property name="user.home" value="/Users/carlosreategui"/>
    <property name="user.language" value="en"/>
    <property name="java.specification.vendor" value="Oracle Corporation"/>
    <property name="java.version.date" value="2020-01-14"/>
    <property name="java.home" value="/usr/local/Cellar/openjdk/13.0.2+8_2/libexec/openjdk.jdk/Contents/Home"/>
    <property name="file.separator" value="/"/>
    <property name="basedir" value="/Users/carlosreategui/Desktop/pc1-CarlosReategui"/>
    <property name="java.vm.compressedOopsMode" value="Zero based"/>
    <property name="line.separator" value="&#10;"/>
    <property name="java.specification.name" value="Java Platform API Specification"/>
    <property name="java.vm.specification.vendor" value="Oracle Corporation"/>
    <property name="surefire.real.class.path" value="/Users/carlosreategui/Desktop/pc1-CarlosReategui/target/surefire/surefirebooter17905497553552183612.jar"/>
    <property name="sun.management.compiler" value="HotSpot 64-Bit Tiered Compilers"/>
    <property name="ftp.nonProxyHosts" value="local|*.local|169.254/16|*.169.254/16"/>
    <property name="java.runtime.version" value="13.0.2+8"/>
    <property name="user.name" value="carlosreategui"/>
    <property name="path.separator" value=":"/>
    <property name="os.version" value="10.15.6"/>
    <property name="java.runtime.name" value="OpenJDK Runtime Environment"/>
    <property name="file.encoding" value="UTF-8"/>
    <property name="java.vm.name" value="OpenJDK 64-Bit Server VM"/>
    <property name="localRepository" value="/Users/carlosreategui/.m2/repository"/>
    <property name="java.vendor.url.bug" value="https://bugreport.java.com/bugreport/"/>
    <property name="java.io.tmpdir" value="/var/folders/99/kd7_0wt1019gvgr156sphqg80000gn/T/"/>
    <property name="java.version" value="13.0.2"/>
    <property name="user.dir" value="/Users/carlosreategui/Desktop/pc1-CarlosReategui"/>
    <property name="os.arch" value="x86_64"/>
    <property name="java.vm.specification.name" value="Java Virtual Machine Specification"/>
    <property name="java.library.path" value="/Users/carlosreategui/Library/Java/Extensions:/Library/Java/Extensions:/Network/Library/Java/Extensions:/System/Library/Java/Extensions:/usr/lib/java:."/>
    <property name="java.vm.info" value="mixed mode, sharing"/>
    <property name="java.vendor" value="N/A"/>
    <property name="java.vm.version" value="13.0.2+8"/>
    <property name="sun.io.unicode.encoding" value="UnicodeBig"/>
    <property name="socksNonProxyHosts" value="local|*.local|169.254/16|*.169.254/16"/>
    <property name="java.class.version" value="57.0"/>
  </properties>
  <testcase name="testCase0" classname="cs.lab.RegistraAppTest" time="0.05"/>
  <testcase name="testCase1" classname="cs.lab.RegistraAppTest" time="0.001"/>
  <testcase name="testCase1" classname="cs.lab.RegistraAppTest" time="0"/>
  <testcase name="testCase1" classname="cs.lab.RegistraAppTest" time="0.001"/>
  <testcase name="testCase1" classname="cs.lab.RegistraAppTest" time="0"/>
  <testcase name="testCase1" classname="cs.lab.RegistraAppTest" time="0.001"/>
  <testcase name="testCase1" classname="cs.lab.RegistraAppTest" time="0"/>
  <testcase name="testCase1" classname="cs.lab.RegistraAppTest" time="0"/>
  <testcase name="testCase1" classname="cs.lab.RegistraAppTest" time="0"/>
  <testcase name="testCase1" classname="cs.lab.RegistraAppTest" time="0"/>
  <testcase name="testCase1" classname="cs.lab.RegistraAppTest" time="0"/>
  <testcase name="testCase1" classname="cs.lab.RegistraAppTest" time="0.011"/>
  <testcase name="testCase1" classname="cs.lab.RegistraAppTest" time="0.015"/>
  <testcase name="testCase1" classname="cs.lab.RegistraAppTest" time="0.02"/>
  <testcase name="testCase1" classname="cs.lab.RegistraAppTest" time="0.041"/>
  <testcase name="testCase1" classname="cs.lab.RegistraAppTest" time="0.048"/>
  <testcase name="testCase1" classname="cs.lab.RegistraAppTest" time="0.051"/>
  <testcase name="testCase1" classname="cs.lab.RegistraAppTest" time="0.052"/>
  <testcase name="testCase1" classname="cs.lab.RegistraAppTest" time="0.053"/>
  <testcase name="testCase1" classname="cs.lab.RegistraAppTest" time="0.063"/>
  <testcase name="testCase1" classname="cs.lab.RegistraAppTest" time="0.065"/>
  <testcase name="testCase1" classname="cs.lab.RegistraAppTest" time="0.07"/>
  <testcase name="testCase1" classname="cs.lab.RegistraAppTest" time="0.072"/>
  <testcase name="testCase1" classname="cs.lab.RegistraAppTest" time="0.074"/>
  <testcase name="testCase1" classname="cs.lab.RegistraAppTest" time="0.076"/>
  <testcase name="testCase1" classname="cs.lab.RegistraAppTest" time="0.077"/>
  <testcase name="testCase1" classname="cs.lab.RegistraAppTest" time="0.08"/>
  <testcase name="testCase1" classname="cs.lab.RegistraAppTest" time="0.081"/>
  <testcase name="testCase1" classname="cs.lab.RegistraAppTest" time="0.084"/>
  <testcase name="testCase1" classname="cs.lab.RegistraAppTest" time="0.087"/>
  <testcase name="testCase1" classname="cs.lab.RegistraAppTest" time="0.09"/>
  <testcase name="testCase1" classname="cs.lab.RegistraAppTest" time="0.092"/>
  <testcase name="testCase1" classname="cs.lab.RegistraAppTest" time="0.093"/>
  <testcase name="testCase1" classname="cs.lab.RegistraAppTest" time="0.1"/>
  <testcase name="testCase1" classname="cs.lab.RegistraAppTest" time="0.106"/>
  <testcase name="testCase1" classname="cs.lab.RegistraAppTest" time="0.117"/>
  <testcase name="testCase1" classname="cs.lab.RegistraAppTest" time="0.119"/>
  <testcase name="testCase1" classname="cs.lab.RegistraAppTest" time="0.12"/>
  <testcase name="testCase1" classname="cs.lab.RegistraAppTest" time="0.122"/>
  <testcase name="testCase1" classname="cs.lab.RegistraAppTest" time="0.125"/>
  <testcase name="testCase1" classname="cs.lab.RegistraAppTest" time="0.127"/>
  <testcase name="testCase1" classname="cs.lab.RegistraAppTest" time="0.128"/>
  <testcase name="testCase1" classname="cs.lab.RegistraAppTest" time="0.134"/>
  <testcase name="testCase1" classname="cs.lab.RegistraAppTest" time="0.143"/>
  <testcase name="testCase1" classname="cs.lab.RegistraAppTest" time="0.144"/>
  <testcase name="testCase1" classname="cs.lab.RegistraAppTest" time="0.145"/>
  <testcase name="testCase1" classname="cs.lab.RegistraAppTest" time="0.146"/>
  <testcase name="testCase1" classname="cs.lab.RegistraAppTest" time="0.147"/>
  <testcase name="testCase1" classname="cs.lab.RegistraAppTest" time="0.149"/>
  <testcase name="testCase1" classname="cs.lab.RegistraAppTest" time="0.151"/>
  <testcase name="testCase1" classname="cs.lab.RegistraAppTest" time="0.153"/>
  <testcase name="testCase1" classname="cs.lab.RegistraAppTest" time="0.155"/>
  <testcase name="testCase1" classname="cs.lab.RegistraAppTest" time="0.159"/>
  <testcase name="testCase1" classname="cs.lab.RegistraAppTest" time="0.164"/>
  <testcase name="testCase1" classname="cs.lab.RegistraAppTest" time="0.166"/>
  <testcase name="testCase1" classname="cs.lab.RegistraAppTest" time="0.167"/>
  <testcase name="testCase1" classname="cs.lab.RegistraAppTest" time="0.168"/>
  <testcase name="testCase1" classname="cs.lab.RegistraAppTest" time="0.168"/>
  <testcase name="testCase1" classname="cs.lab.RegistraAppTest" time="0.168"/>
  <testcase name="testCase1" classname="cs.lab.RegistraAppTest" time="0.17"/>
  <testcase name="testCase1" classname="cs.lab.RegistraAppTest" time="0.17"/>
  <testcase name="testCase1" classname="cs.lab.RegistraAppTest" time="0.171"/>
  <testcase name="testCase1" classname="cs.lab.RegistraAppTest" time="0.172"/>
  <testcase name="testCase1" classname="cs.lab.RegistraAppTest" time="0.172"/>
  <testcase name="testCase1" classname="cs.lab.RegistraAppTest" time="0.173"/>
  <testcase name="testCase1" classname="cs.lab.RegistraAppTest" time="0.174"/>
  <testcase name="testCase1" classname="cs.lab.RegistraAppTest" time="0.186"/>
  <testcase name="testCase1" classname="cs.lab.RegistraAppTest" time="0.187"/>
  <testcase name="testCase1" classname="cs.lab.RegistraAppTest" time="0.187"/>
  <testcase name="testCase1" classname="cs.lab.RegistraAppTest" time="0.188"/>
  <testcase name="testCase1" classname="cs.lab.RegistraAppTest" time="0.19"/>
  <testcase name="testCase1" classname="cs.lab.RegistraAppTest" time="0.19"/>
  <testcase name="testCase1" classname="cs.lab.RegistraAppTest" time="0.192"/>
  <testcase name="testCase1" classname="cs.lab.RegistraAppTest" time="0.192"/>
  <testcase name="testCase1" classname="cs.lab.RegistraAppTest" time="0.195"/>
  <testcase name="testCase1" classname="cs.lab.RegistraAppTest" time="0.196"/>
  <testcase name="testCase1" classname="cs.lab.RegistraAppTest" time="0.197"/>
  <testcase name="testCase1" classname="cs.lab.RegistraAppTest" time="0.198"/>
  <testcase name="testCase1" classname="cs.lab.RegistraAppTest" time="0.199"/>
  <testcase name="testCase1" classname="cs.lab.RegistraAppTest" time="0.201"/>
  <testcase name="testCase1" classname="cs.lab.RegistraAppTest" time="0.202"/>
  <testcase name="testCase1" classname="cs.lab.RegistraAppTest" time="0.203"/>
  <testcase name="testCase1" classname="cs.lab.RegistraAppTest" time="0.204"/>
  <testcase name="testCase1" classname="cs.lab.RegistraAppTest" time="0.205"/>
  <testcase name="testCase1" classname="cs.lab.RegistraAppTest" time="0.207"/>
  <testcase name="testCase1" classname="cs.lab.RegistraAppTest" time="0.207"/>
  <testcase name="testCase1" classname="cs.lab.RegistraAppTest" time="0.208"/>
  <testcase name="testCase1" classname="cs.lab.RegistraAppTest" time="0.209"/>
  <testcase name="testCase1" classname="cs.lab.RegistraAppTest" time="0.21"/>
  <testcase name="testCase1" classname="cs.lab.RegistraAppTest" time="0.212"/>
  <testcase name="testCase1" classname="cs.lab.RegistraAppTest" time="0.212"/>
  <testcase name="testCase1" classname="cs.lab.RegistraAppTest" time="0.213"/>
  <testcase name="testCase1" classname="cs.lab.RegistraAppTest" time="0.214"/>
  <testcase name="testCase1" classname="cs.lab.RegistraAppTest" time="0.214"/>
  <testcase name="testCase1" classname="cs.lab.RegistraAppTest" time="0.214"/>
  <testcase name="testCase1" classname="cs.lab.RegistraAppTest" time="0.214"/>
  <testcase name="testCase1" classname="cs.lab.RegistraAppTest" time="0.215"/>
  <testcase name="testCase1" classname="cs.lab.RegistraAppTest" time="0.215"/>
  <testcase name="testCase1" classname="cs.lab.RegistraAppTest" time="0.215"/>
  <testcase name="testCase1" classname="cs.lab.RegistraAppTest" time="0.216"/>
  <testcase name="testCase1" classname="cs.lab.RegistraAppTest" time="0.216"/>
</testsuite>