<?xml version="1.0" encoding="UTF-8"?>
<!-- Generated by org.testng.reporters.JUnitReportReporter -->
<testsuite hostname="Carloss-MacBook-Pro.local" failures="0" tests="103" name="cs.lab.RegistraAppTest" time="6.842" errors="0" timestamp="2020-10-08T10:11:04 PET" skipped="0">
  <testcase classname="cs.lab.RegistraAppTest" name="testCase1" time="0.037"/>
  <system-out/>
  <testcase classname="cs.lab.RegistraAppTest" name="testCase1" time="0.053"/>
  <system-out/>
  <testcase classname="cs.lab.RegistraAppTest" name="testCase1" time="0.081"/>
  <system-out/>
  <testcase classname="cs.lab.RegistraAppTest" name="testCase1" time="0.083"/>
  <system-out/>
  <testcase classname="cs.lab.RegistraAppTest" name="testCase1" time="0.036"/>
  <system-out/>
  <testcase classname="cs.lab.RegistraAppTest" name="testCase1" time="0.079"/>
  <system-out/>
  <testcase classname="cs.lab.RegistraAppTest" name="testCase1" time="0.059"/>
  <system-out/>
  <testcase classname="cs.lab.RegistraAppTest" name="testCase1" time="0.081"/>
  <system-out/>
  <testcase classname="cs.lab.RegistraAppTest" name="testCase1" time="0.082"/>
  <system-out/>
  <testcase classname="cs.lab.RegistraAppTest" name="testCase1" time="0.034"/>
  <system-out/>
  <testcase classname="cs.lab.RegistraAppTest" name="testCase1" time="0.051"/>
  <system-out/>
  <testcase classname="cs.lab.RegistraAppTest" name="testCase1" time="0.034"/>
  <system-out/>
  <testcase classname="cs.lab.RegistraAppTest" name="testCase1" time="0.088"/>
  <system-out/>
  <testcase classname="cs.lab.RegistraAppTest" name="testCase1" time="0.082"/>
  <system-out/>
  <testcase classname="cs.lab.RegistraAppTest" name="testCase1" time="0.086"/>
  <system-out/>
  <testcase classname="cs.lab.RegistraAppTest" name="testCase1" time="0.081"/>
  <system-out/>
  <testcase classname="cs.lab.RegistraAppTest" name="testCase1" time="0.034"/>
  <system-out/>
  <testcase classname="cs.lab.RegistraAppTest" name="testCase1" time="0.088"/>
  <system-out/>
  <testcase classname="cs.lab.RegistraAppTest" name="testCase1" time="0.082"/>
  <system-out/>
  <testcase classname="cs.lab.RegistraAppTest" name="testCase1" time="0.081"/>
  <system-out/>
  <testcase classname="cs.lab.RegistraAppTest" name="testCase1" time="0.086"/>
  <system-out/>
  <testcase classname="cs.lab.RegistraAppTest" name="testCase1" time="0.082"/>
  <system-out/>
  <testcase classname="cs.lab.RegistraAppTest" name="testCase1" time="0.080"/>
  <system-out/>
  <testcase classname="cs.lab.RegistraAppTest" name="testCase1" time="0.033"/>
  <system-out/>
  <testcase classname="cs.lab.RegistraAppTest" name="testCase1" time="0.081"/>
  <system-out/>
  <testcase classname="cs.lab.RegistraAppTest" name="testCase1" time="0.088"/>
  <system-out/>
  <testcase classname="cs.lab.RegistraAppTest" name="testCase1" time="0.081"/>
  <system-out/>
  <testcase classname="cs.lab.RegistraAppTest" name="testCase1" time="0.088"/>
  <system-out/>
  <testcase classname="cs.lab.RegistraAppTest" name="testCase1" time="0.035"/>
  <system-out/>
  <testcase classname="cs.lab.RegistraAppTest" name="testCase1" time="0.081"/>
  <system-out/>
  <testcase classname="cs.lab.RegistraAppTest" name="testCase1" time="0.023"/>
  <system-out/>
  <testcase classname="cs.lab.RegistraAppTest" name="testCase1" time="0.033"/>
  <system-out/>
  <testcase classname="cs.lab.RegistraAppTest" name="testCase1" time="0.080"/>
  <system-out/>
  <testcase classname="cs.lab.RegistraAppTest" name="testCase1" time="0.081"/>
  <system-out/>
  <testcase classname="cs.lab.RegistraAppTest" name="testCase1" time="0.044"/>
  <system-out/>
  <testcase classname="cs.lab.RegistraAppTest" name="testCase1" time="0.074"/>
  <system-out/>
  <testcase classname="cs.lab.RegistraAppTest" name="testCase1" time="0.038"/>
  <system-out/>
  <testcase classname="cs.lab.RegistraAppTest" name="testCase3" time="0.000"/>
  <system-out/>
  <testcase classname="cs.lab.RegistraAppTest" name="testCase1" time="0.085"/>
  <system-out/>
  <testcase classname="cs.lab.RegistraAppTest" name="testCase1" time="0.048"/>
  <system-out/>
  <testcase classname="cs.lab.RegistraAppTest" name="testCase1" time="0.081"/>
  <system-out/>
  <testcase classname="cs.lab.RegistraAppTest" name="testCase1" time="0.053"/>
  <system-out/>
  <testcase classname="cs.lab.RegistraAppTest" name="testCase1" time="0.034"/>
  <system-out/>
  <testcase classname="cs.lab.RegistraAppTest" name="testCase1" time="0.086"/>
  <system-out/>
  <testcase classname="cs.lab.RegistraAppTest" name="testCase1" time="0.082"/>
  <system-out/>
  <testcase classname="cs.lab.RegistraAppTest" name="testCase1" time="0.080"/>
  <system-out/>
  <testcase classname="cs.lab.RegistraAppTest" name="testCase1" time="0.081"/>
  <system-out/>
  <testcase classname="cs.lab.RegistraAppTest" name="testCase1" time="0.081"/>
  <system-out/>
  <testcase classname="cs.lab.RegistraAppTest" name="testCase1" time="0.082"/>
  <system-out/>
  <testcase classname="cs.lab.RegistraAppTest" name="testCase1" time="0.079"/>
  <system-out/>
  <testcase classname="cs.lab.RegistraAppTest" name="testCase1" time="0.015"/>
  <system-out/>
  <testcase classname="cs.lab.RegistraAppTest" name="testCase1" time="0.080"/>
  <system-out/>
  <testcase classname="cs.lab.RegistraAppTest" name="testCase1" time="0.087"/>
  <system-out/>
  <testcase classname="cs.lab.RegistraAppTest" name="testCase1" time="0.067"/>
  <system-out/>
  <testcase classname="cs.lab.RegistraAppTest" name="testCase1" time="0.126"/>
  <system-out/>
  <testcase classname="cs.lab.RegistraAppTest" name="testCase1" time="0.079"/>
  <system-out/>
  <testcase classname="cs.lab.RegistraAppTest" name="testCase1" time="0.024"/>
  <system-out/>
  <testcase classname="cs.lab.RegistraAppTest" name="testCase1" time="0.081"/>
  <system-out/>
  <testcase classname="cs.lab.RegistraAppTest" name="testCase1" time="0.082"/>
  <system-out/>
  <testcase classname="cs.lab.RegistraAppTest" name="testCase1" time="0.081"/>
  <system-out/>
  <testcase classname="cs.lab.RegistraAppTest" name="testCase1" time="0.081"/>
  <system-out/>
  <testcase classname="cs.lab.RegistraAppTest" name="testCase1" time="0.082"/>
  <system-out/>
  <testcase classname="cs.lab.RegistraAppTest" name="testCase1" time="0.088"/>
  <system-out/>
  <testcase classname="cs.lab.RegistraAppTest" name="testCase1" time="0.027"/>
  <system-out/>
  <testcase classname="cs.lab.RegistraAppTest" name="testCase1" time="0.088"/>
  <system-out/>
  <testcase classname="cs.lab.RegistraAppTest" name="testCase1" time="0.081"/>
  <system-out/>
  <testcase classname="cs.lab.RegistraAppTest" name="testCase1" time="0.082"/>
  <system-out/>
  <testcase classname="cs.lab.RegistraAppTest" name="testCase1" time="0.082"/>
  <system-out/>
  <testcase classname="cs.lab.RegistraAppTest" name="testCase1" time="0.026"/>
  <system-out/>
  <testcase classname="cs.lab.RegistraAppTest" name="testCase1" time="0.073"/>
  <system-out/>
  <testcase classname="cs.lab.RegistraAppTest" name="testCase1" time="0.085"/>
  <system-out/>
  <testcase classname="cs.lab.RegistraAppTest" name="testCase1" time="0.083"/>
  <system-out/>
  <testcase classname="cs.lab.RegistraAppTest" name="testCase1" time="0.063"/>
  <system-out/>
  <testcase classname="cs.lab.RegistraAppTest" name="testCase1" time="0.074"/>
  <system-out/>
  <testcase classname="cs.lab.RegistraAppTest" name="testCase1" time="0.023"/>
  <system-out/>
  <testcase classname="cs.lab.RegistraAppTest" name="testCase1" time="0.026"/>
  <system-out/>
  <testcase classname="cs.lab.RegistraAppTest" name="testCase1" time="0.046"/>
  <system-out/>
  <testcase classname="cs.lab.RegistraAppTest" name="testCase1" time="0.084"/>
  <system-out/>
  <testcase classname="cs.lab.RegistraAppTest" name="testCase1" time="0.053"/>
  <system-out/>
  <testcase classname="cs.lab.RegistraAppTest" name="testCase1" time="0.081"/>
  <system-out/>
  <testcase classname="cs.lab.RegistraAppTest" name="testCase1" time="0.081"/>
  <system-out/>
  <testcase classname="cs.lab.RegistraAppTest" name="testCase1" time="0.082"/>
  <system-out/>
  <testcase classname="cs.lab.RegistraAppTest" name="testCase1" time="0.041"/>
  <system-out/>
  <testcase classname="cs.lab.RegistraAppTest" name="testCase1" time="0.081"/>
  <system-out/>
  <testcase classname="cs.lab.RegistraAppTest" name="testCase1" time="0.031"/>
  <system-out/>
  <testcase classname="cs.lab.RegistraAppTest" name="testCase1" time="0.081"/>
  <system-out/>
  <testcase classname="cs.lab.RegistraAppTest" name="testCase1" time="0.046"/>
  <system-out/>
  <testcase classname="cs.lab.RegistraAppTest" name="testCase1" time="0.080"/>
  <system-out/>
  <testcase classname="cs.lab.RegistraAppTest" name="testCase1" time="0.081"/>
  <system-out/>
  <testcase classname="cs.lab.RegistraAppTest" name="testCase1" time="0.081"/>
  <system-out/>
  <testcase classname="cs.lab.RegistraAppTest" name="testCase1" time="0.087"/>
  <system-out/>
  <testcase classname="cs.lab.RegistraAppTest" name="testCase1" time="0.081"/>
  <system-out/>
  <testcase classname="cs.lab.RegistraAppTest" name="testCase1" time="0.082"/>
  <system-out/>
  <testcase classname="cs.lab.RegistraAppTest" name="testCase0" time="0.050"/>
  <system-out/>
  <testcase classname="cs.lab.RegistraAppTest" name="testCase1" time="0.081"/>
  <system-out/>
  <testcase classname="cs.lab.RegistraAppTest" name="testCase1" time="0.076"/>
  <system-out/>
  <testcase classname="cs.lab.RegistraAppTest" name="testCase1" time="0.081"/>
  <system-out/>
  <testcase classname="cs.lab.RegistraAppTest" name="testCase1" time="0.022"/>
  <system-out/>
  <testcase classname="cs.lab.RegistraAppTest" name="testCase1" time="0.035"/>
  <system-out/>
  <testcase classname="cs.lab.RegistraAppTest" name="testCase1" time="0.081"/>
  <system-out/>
  <testcase classname="cs.lab.RegistraAppTest" name="testCase1" time="0.081"/>
  <system-out/>
  <testcase classname="cs.lab.RegistraAppTest" name="testCase2" time="0.001"/>
  <system-out/>
  <testcase classname="cs.lab.RegistraAppTest" name="testCase1" time="0.037"/>
  <system-out/>
</testsuite> <!-- cs.lab.RegistraAppTest -->
