<?xml version="1.0" encoding="UTF-8"?>
<!-- Generated by org.testng.reporters.JUnitReportReporter -->
<testsuite hostname="Carloss-MacBook-Pro.local" failures="0" tests="101" name="cs.lab.RegistraAppTest" time="5.917" errors="0" timestamp="2020-10-08T09:55:10 PET" skipped="0">
  <testcase classname="cs.lab.RegistraAppTest" name="testCase1" time="0.033"/>
  <system-out/>
  <testcase classname="cs.lab.RegistraAppTest" name="testCase1" time="0.080"/>
  <system-out/>
  <testcase classname="cs.lab.RegistraAppTest" name="testCase1" time="0.074"/>
  <system-out/>
  <testcase classname="cs.lab.RegistraAppTest" name="testCase1" time="0.002"/>
  <system-out/>
  <testcase classname="cs.lab.RegistraAppTest" name="testCase1" time="0.065"/>
  <system-out/>
  <testcase classname="cs.lab.RegistraAppTest" name="testCase1" time="0.044"/>
  <system-out/>
  <testcase classname="cs.lab.RegistraAppTest" name="testCase1" time="0.071"/>
  <system-out/>
  <testcase classname="cs.lab.RegistraAppTest" name="testCase1" time="0.014"/>
  <system-out/>
  <testcase classname="cs.lab.RegistraAppTest" name="testCase1" time="0.080"/>
  <system-out/>
  <testcase classname="cs.lab.RegistraAppTest" name="testCase1" time="0.079"/>
  <system-out/>
  <testcase classname="cs.lab.RegistraAppTest" name="testCase1" time="0.064"/>
  <system-out/>
  <testcase classname="cs.lab.RegistraAppTest" name="testCase1" time="0.062"/>
  <system-out/>
  <testcase classname="cs.lab.RegistraAppTest" name="testCase1" time="0.076"/>
  <system-out/>
  <testcase classname="cs.lab.RegistraAppTest" name="testCase1" time="0.019"/>
  <system-out/>
  <testcase classname="cs.lab.RegistraAppTest" name="testCase0" time="0.060"/>
  <system-out/>
  <testcase classname="cs.lab.RegistraAppTest" name="testCase1" time="0.051"/>
  <system-out/>
  <testcase classname="cs.lab.RegistraAppTest" name="testCase1" time="0.081"/>
  <system-out/>
  <testcase classname="cs.lab.RegistraAppTest" name="testCase1" time="0.086"/>
  <system-out/>
  <testcase classname="cs.lab.RegistraAppTest" name="testCase1" time="0.083"/>
  <system-out/>
  <testcase classname="cs.lab.RegistraAppTest" name="testCase1" time="0.084"/>
  <system-out/>
  <testcase classname="cs.lab.RegistraAppTest" name="testCase1" time="0.032"/>
  <system-out/>
  <testcase classname="cs.lab.RegistraAppTest" name="testCase1" time="0.033"/>
  <system-out/>
  <testcase classname="cs.lab.RegistraAppTest" name="testCase1" time="0.079"/>
  <system-out/>
  <testcase classname="cs.lab.RegistraAppTest" name="testCase1" time="0.085"/>
  <system-out/>
  <testcase classname="cs.lab.RegistraAppTest" name="testCase1" time="0.050"/>
  <system-out/>
  <testcase classname="cs.lab.RegistraAppTest" name="testCase1" time="0.066"/>
  <system-out/>
  <testcase classname="cs.lab.RegistraAppTest" name="testCase1" time="0.073"/>
  <system-out/>
  <testcase classname="cs.lab.RegistraAppTest" name="testCase1" time="0.003"/>
  <system-out/>
  <testcase classname="cs.lab.RegistraAppTest" name="testCase1" time="0.078"/>
  <system-out/>
  <testcase classname="cs.lab.RegistraAppTest" name="testCase1" time="0.071"/>
  <system-out/>
  <testcase classname="cs.lab.RegistraAppTest" name="testCase1" time="0.057"/>
  <system-out/>
  <testcase classname="cs.lab.RegistraAppTest" name="testCase1" time="0.015"/>
  <system-out/>
  <testcase classname="cs.lab.RegistraAppTest" name="testCase1" time="0.040"/>
  <system-out/>
  <testcase classname="cs.lab.RegistraAppTest" name="testCase1" time="0.044"/>
  <system-out/>
  <testcase classname="cs.lab.RegistraAppTest" name="testCase1" time="0.044"/>
  <system-out/>
  <testcase classname="cs.lab.RegistraAppTest" name="testCase1" time="0.061"/>
  <system-out/>
  <testcase classname="cs.lab.RegistraAppTest" name="testCase1" time="0.041"/>
  <system-out/>
  <testcase classname="cs.lab.RegistraAppTest" name="testCase1" time="0.078"/>
  <system-out/>
  <testcase classname="cs.lab.RegistraAppTest" name="testCase1" time="0.025"/>
  <system-out/>
  <testcase classname="cs.lab.RegistraAppTest" name="testCase1" time="0.086"/>
  <system-out/>
  <testcase classname="cs.lab.RegistraAppTest" name="testCase1" time="0.071"/>
  <system-out/>
  <testcase classname="cs.lab.RegistraAppTest" name="testCase1" time="0.005"/>
  <system-out/>
  <testcase classname="cs.lab.RegistraAppTest" name="testCase1" time="0.073"/>
  <system-out/>
  <testcase classname="cs.lab.RegistraAppTest" name="testCase1" time="0.002"/>
  <system-out/>
  <testcase classname="cs.lab.RegistraAppTest" name="testCase1" time="0.078"/>
  <system-out/>
  <testcase classname="cs.lab.RegistraAppTest" name="testCase1" time="0.083"/>
  <system-out/>
  <testcase classname="cs.lab.RegistraAppTest" name="testCase1" time="0.070"/>
  <system-out/>
  <testcase classname="cs.lab.RegistraAppTest" name="testCase1" time="0.096"/>
  <system-out/>
  <testcase classname="cs.lab.RegistraAppTest" name="testCase1" time="0.031"/>
  <system-out/>
  <testcase classname="cs.lab.RegistraAppTest" name="testCase1" time="0.079"/>
  <system-out/>
  <testcase classname="cs.lab.RegistraAppTest" name="testCase1" time="0.073"/>
  <system-out/>
  <testcase classname="cs.lab.RegistraAppTest" name="testCase1" time="0.071"/>
  <system-out/>
  <testcase classname="cs.lab.RegistraAppTest" name="testCase1" time="0.073"/>
  <system-out/>
  <testcase classname="cs.lab.RegistraAppTest" name="testCase1" time="0.078"/>
  <system-out/>
  <testcase classname="cs.lab.RegistraAppTest" name="testCase1" time="0.036"/>
  <system-out/>
  <testcase classname="cs.lab.RegistraAppTest" name="testCase1" time="0.075"/>
  <system-out/>
  <testcase classname="cs.lab.RegistraAppTest" name="testCase1" time="0.073"/>
  <system-out/>
  <testcase classname="cs.lab.RegistraAppTest" name="testCase1" time="0.008"/>
  <system-out/>
  <testcase classname="cs.lab.RegistraAppTest" name="testCase1" time="0.072"/>
  <system-out/>
  <testcase classname="cs.lab.RegistraAppTest" name="testCase1" time="0.022"/>
  <system-out/>
  <testcase classname="cs.lab.RegistraAppTest" name="testCase1" time="0.071"/>
  <system-out/>
  <testcase classname="cs.lab.RegistraAppTest" name="testCase1" time="0.082"/>
  <system-out/>
  <testcase classname="cs.lab.RegistraAppTest" name="testCase1" time="0.081"/>
  <system-out/>
  <testcase classname="cs.lab.RegistraAppTest" name="testCase1" time="0.038"/>
  <system-out/>
  <testcase classname="cs.lab.RegistraAppTest" name="testCase1" time="0.044"/>
  <system-out/>
  <testcase classname="cs.lab.RegistraAppTest" name="testCase1" time="0.078"/>
  <system-out/>
  <testcase classname="cs.lab.RegistraAppTest" name="testCase1" time="0.072"/>
  <system-out/>
  <testcase classname="cs.lab.RegistraAppTest" name="testCase1" time="0.041"/>
  <system-out/>
  <testcase classname="cs.lab.RegistraAppTest" name="testCase1" time="0.041"/>
  <system-out/>
  <testcase classname="cs.lab.RegistraAppTest" name="testCase1" time="0.027"/>
  <system-out/>
  <testcase classname="cs.lab.RegistraAppTest" name="testCase1" time="0.086"/>
  <system-out/>
  <testcase classname="cs.lab.RegistraAppTest" name="testCase1" time="0.070"/>
  <system-out/>
  <testcase classname="cs.lab.RegistraAppTest" name="testCase1" time="0.002"/>
  <system-out/>
  <testcase classname="cs.lab.RegistraAppTest" name="testCase1" time="0.082"/>
  <system-out/>
  <testcase classname="cs.lab.RegistraAppTest" name="testCase1" time="0.022"/>
  <system-out/>
  <testcase classname="cs.lab.RegistraAppTest" name="testCase1" time="0.019"/>
  <system-out/>
  <testcase classname="cs.lab.RegistraAppTest" name="testCase1" time="0.078"/>
  <system-out/>
  <testcase classname="cs.lab.RegistraAppTest" name="testCase1" time="0.071"/>
  <system-out/>
  <testcase classname="cs.lab.RegistraAppTest" name="testCase1" time="0.078"/>
  <system-out/>
  <testcase classname="cs.lab.RegistraAppTest" name="testCase1" time="0.084"/>
  <system-out/>
  <testcase classname="cs.lab.RegistraAppTest" name="testCase1" time="0.086"/>
  <system-out/>
  <testcase classname="cs.lab.RegistraAppTest" name="testCase1" time="0.077"/>
  <system-out/>
  <testcase classname="cs.lab.RegistraAppTest" name="testCase1" time="0.095"/>
  <system-out/>
  <testcase classname="cs.lab.RegistraAppTest" name="testCase1" time="0.085"/>
  <system-out/>
  <testcase classname="cs.lab.RegistraAppTest" name="testCase1" time="0.016"/>
  <system-out/>
  <testcase classname="cs.lab.RegistraAppTest" name="testCase1" time="0.035"/>
  <system-out/>
  <testcase classname="cs.lab.RegistraAppTest" name="testCase1" time="0.040"/>
  <system-out/>
  <testcase classname="cs.lab.RegistraAppTest" name="testCase1" time="0.058"/>
  <system-out/>
  <testcase classname="cs.lab.RegistraAppTest" name="testCase1" time="0.104"/>
  <system-out/>
  <testcase classname="cs.lab.RegistraAppTest" name="testCase1" time="0.011"/>
  <system-out/>
  <testcase classname="cs.lab.RegistraAppTest" name="testCase1" time="0.073"/>
  <system-out/>
  <testcase classname="cs.lab.RegistraAppTest" name="testCase1" time="0.083"/>
  <system-out/>
  <testcase classname="cs.lab.RegistraAppTest" name="testCase1" time="0.068"/>
  <system-out/>
  <testcase classname="cs.lab.RegistraAppTest" name="testCase1" time="0.103"/>
  <system-out/>
  <testcase classname="cs.lab.RegistraAppTest" name="testCase1" time="0.081"/>
  <system-out/>
  <testcase classname="cs.lab.RegistraAppTest" name="testCase1" time="0.070"/>
  <system-out/>
  <testcase classname="cs.lab.RegistraAppTest" name="testCase1" time="0.062"/>
  <system-out/>
  <testcase classname="cs.lab.RegistraAppTest" name="testCase1" time="0.003"/>
  <system-out/>
  <testcase classname="cs.lab.RegistraAppTest" name="testCase1" time="0.072"/>
  <system-out/>
  <testcase classname="cs.lab.RegistraAppTest" name="testCase1" time="0.060"/>
  <system-out/>
  <testcase classname="cs.lab.RegistraAppTest" name="testCase1" time="0.030"/>
  <system-out/>
</testsuite> <!-- cs.lab.RegistraAppTest -->
