<?xml version="1.0" encoding="UTF-8"?>
<!-- Generated by org.testng.reporters.JUnitReportReporter -->
<testsuite hostname="Carloss-MacBook-Pro.local" failures="0" tests="101" name="cs.lab.RegistraAppTest" time="11.077" errors="0" timestamp="2020-10-08T09:57:41 PET" skipped="0">
  <testcase classname="cs.lab.RegistraAppTest" name="testCase1" time="0.054"/>
  <system-out/>
  <testcase classname="cs.lab.RegistraAppTest" name="testCase1" time="0.152"/>
  <system-out/>
  <testcase classname="cs.lab.RegistraAppTest" name="testCase1" time="0.154"/>
  <system-out/>
  <testcase classname="cs.lab.RegistraAppTest" name="testCase1" time="0.150"/>
  <system-out/>
  <testcase classname="cs.lab.RegistraAppTest" name="testCase1" time="0.094"/>
  <system-out/>
  <testcase classname="cs.lab.RegistraAppTest" name="testCase1" time="0.086"/>
  <system-out/>
  <testcase classname="cs.lab.RegistraAppTest" name="testCase1" time="0.087"/>
  <system-out/>
  <testcase classname="cs.lab.RegistraAppTest" name="testCase1" time="0.049"/>
  <system-out/>
  <testcase classname="cs.lab.RegistraAppTest" name="testCase1" time="0.091"/>
  <system-out/>
  <testcase classname="cs.lab.RegistraAppTest" name="testCase1" time="0.147"/>
  <system-out/>
  <testcase classname="cs.lab.RegistraAppTest" name="testCase1" time="0.142"/>
  <system-out/>
  <testcase classname="cs.lab.RegistraAppTest" name="testCase1" time="0.156"/>
  <system-out/>
  <testcase classname="cs.lab.RegistraAppTest" name="testCase0" time="0.049"/>
  <system-out/>
  <testcase classname="cs.lab.RegistraAppTest" name="testCase1" time="0.150"/>
  <system-out/>
  <testcase classname="cs.lab.RegistraAppTest" name="testCase1" time="0.153"/>
  <system-out/>
  <testcase classname="cs.lab.RegistraAppTest" name="testCase1" time="0.148"/>
  <system-out/>
  <testcase classname="cs.lab.RegistraAppTest" name="testCase1" time="0.053"/>
  <system-out/>
  <testcase classname="cs.lab.RegistraAppTest" name="testCase1" time="0.116"/>
  <system-out/>
  <testcase classname="cs.lab.RegistraAppTest" name="testCase1" time="0.031"/>
  <system-out/>
  <testcase classname="cs.lab.RegistraAppTest" name="testCase1" time="0.089"/>
  <system-out/>
  <testcase classname="cs.lab.RegistraAppTest" name="testCase1" time="0.131"/>
  <system-out/>
  <testcase classname="cs.lab.RegistraAppTest" name="testCase1" time="0.127"/>
  <system-out/>
  <testcase classname="cs.lab.RegistraAppTest" name="testCase1" time="0.150"/>
  <system-out/>
  <testcase classname="cs.lab.RegistraAppTest" name="testCase1" time="0.156"/>
  <system-out/>
  <testcase classname="cs.lab.RegistraAppTest" name="testCase1" time="0.136"/>
  <system-out/>
  <testcase classname="cs.lab.RegistraAppTest" name="testCase1" time="0.152"/>
  <system-out/>
  <testcase classname="cs.lab.RegistraAppTest" name="testCase1" time="0.087"/>
  <system-out/>
  <testcase classname="cs.lab.RegistraAppTest" name="testCase1" time="0.141"/>
  <system-out/>
  <testcase classname="cs.lab.RegistraAppTest" name="testCase1" time="0.150"/>
  <system-out/>
  <testcase classname="cs.lab.RegistraAppTest" name="testCase1" time="0.127"/>
  <system-out/>
  <testcase classname="cs.lab.RegistraAppTest" name="testCase1" time="0.009"/>
  <system-out/>
  <testcase classname="cs.lab.RegistraAppTest" name="testCase1" time="0.083"/>
  <system-out/>
  <testcase classname="cs.lab.RegistraAppTest" name="testCase1" time="0.132"/>
  <system-out/>
  <testcase classname="cs.lab.RegistraAppTest" name="testCase1" time="0.184"/>
  <system-out/>
  <testcase classname="cs.lab.RegistraAppTest" name="testCase1" time="0.030"/>
  <system-out/>
  <testcase classname="cs.lab.RegistraAppTest" name="testCase1" time="0.177"/>
  <system-out/>
  <testcase classname="cs.lab.RegistraAppTest" name="testCase1" time="0.131"/>
  <system-out/>
  <testcase classname="cs.lab.RegistraAppTest" name="testCase1" time="0.139"/>
  <system-out/>
  <testcase classname="cs.lab.RegistraAppTest" name="testCase1" time="0.149"/>
  <system-out/>
  <testcase classname="cs.lab.RegistraAppTest" name="testCase1" time="0.102"/>
  <system-out/>
  <testcase classname="cs.lab.RegistraAppTest" name="testCase1" time="0.004"/>
  <system-out/>
  <testcase classname="cs.lab.RegistraAppTest" name="testCase1" time="0.111"/>
  <system-out/>
  <testcase classname="cs.lab.RegistraAppTest" name="testCase1" time="0.132"/>
  <system-out/>
  <testcase classname="cs.lab.RegistraAppTest" name="testCase1" time="0.090"/>
  <system-out/>
  <testcase classname="cs.lab.RegistraAppTest" name="testCase1" time="0.147"/>
  <system-out/>
  <testcase classname="cs.lab.RegistraAppTest" name="testCase1" time="0.121"/>
  <system-out/>
  <testcase classname="cs.lab.RegistraAppTest" name="testCase1" time="0.175"/>
  <system-out/>
  <testcase classname="cs.lab.RegistraAppTest" name="testCase1" time="0.092"/>
  <system-out/>
  <testcase classname="cs.lab.RegistraAppTest" name="testCase1" time="0.128"/>
  <system-out/>
  <testcase classname="cs.lab.RegistraAppTest" name="testCase1" time="0.167"/>
  <system-out/>
  <testcase classname="cs.lab.RegistraAppTest" name="testCase1" time="0.086"/>
  <system-out/>
  <testcase classname="cs.lab.RegistraAppTest" name="testCase1" time="0.089"/>
  <system-out/>
  <testcase classname="cs.lab.RegistraAppTest" name="testCase1" time="0.113"/>
  <system-out/>
  <testcase classname="cs.lab.RegistraAppTest" name="testCase1" time="0.007"/>
  <system-out/>
  <testcase classname="cs.lab.RegistraAppTest" name="testCase1" time="0.124"/>
  <system-out/>
  <testcase classname="cs.lab.RegistraAppTest" name="testCase1" time="0.081"/>
  <system-out/>
  <testcase classname="cs.lab.RegistraAppTest" name="testCase1" time="0.002"/>
  <system-out/>
  <testcase classname="cs.lab.RegistraAppTest" name="testCase1" time="0.150"/>
  <system-out/>
  <testcase classname="cs.lab.RegistraAppTest" name="testCase1" time="0.154"/>
  <system-out/>
  <testcase classname="cs.lab.RegistraAppTest" name="testCase1" time="0.125"/>
  <system-out/>
  <testcase classname="cs.lab.RegistraAppTest" name="testCase1" time="0.006"/>
  <system-out/>
  <testcase classname="cs.lab.RegistraAppTest" name="testCase1" time="0.092"/>
  <system-out/>
  <testcase classname="cs.lab.RegistraAppTest" name="testCase1" time="0.156"/>
  <system-out/>
  <testcase classname="cs.lab.RegistraAppTest" name="testCase1" time="0.152"/>
  <system-out/>
  <testcase classname="cs.lab.RegistraAppTest" name="testCase1" time="0.091"/>
  <system-out/>
  <testcase classname="cs.lab.RegistraAppTest" name="testCase1" time="0.089"/>
  <system-out/>
  <testcase classname="cs.lab.RegistraAppTest" name="testCase1" time="0.093"/>
  <system-out/>
  <testcase classname="cs.lab.RegistraAppTest" name="testCase1" time="0.091"/>
  <system-out/>
  <testcase classname="cs.lab.RegistraAppTest" name="testCase1" time="0.121"/>
  <system-out/>
  <testcase classname="cs.lab.RegistraAppTest" name="testCase1" time="0.168"/>
  <system-out/>
  <testcase classname="cs.lab.RegistraAppTest" name="testCase1" time="0.139"/>
  <system-out/>
  <testcase classname="cs.lab.RegistraAppTest" name="testCase1" time="0.094"/>
  <system-out/>
  <testcase classname="cs.lab.RegistraAppTest" name="testCase1" time="0.115"/>
  <system-out/>
  <testcase classname="cs.lab.RegistraAppTest" name="testCase1" time="0.152"/>
  <system-out/>
  <testcase classname="cs.lab.RegistraAppTest" name="testCase1" time="0.158"/>
  <system-out/>
  <testcase classname="cs.lab.RegistraAppTest" name="testCase1" time="0.045"/>
  <system-out/>
  <testcase classname="cs.lab.RegistraAppTest" name="testCase1" time="0.086"/>
  <system-out/>
  <testcase classname="cs.lab.RegistraAppTest" name="testCase1" time="0.087"/>
  <system-out/>
  <testcase classname="cs.lab.RegistraAppTest" name="testCase1" time="0.085"/>
  <system-out/>
  <testcase classname="cs.lab.RegistraAppTest" name="testCase1" time="0.084"/>
  <system-out/>
  <testcase classname="cs.lab.RegistraAppTest" name="testCase1" time="0.142"/>
  <system-out/>
  <testcase classname="cs.lab.RegistraAppTest" name="testCase1" time="0.088"/>
  <system-out/>
  <testcase classname="cs.lab.RegistraAppTest" name="testCase1" time="0.129"/>
  <system-out/>
  <testcase classname="cs.lab.RegistraAppTest" name="testCase1" time="0.113"/>
  <system-out/>
  <testcase classname="cs.lab.RegistraAppTest" name="testCase1" time="0.081"/>
  <system-out/>
  <testcase classname="cs.lab.RegistraAppTest" name="testCase1" time="0.154"/>
  <system-out/>
  <testcase classname="cs.lab.RegistraAppTest" name="testCase1" time="0.045"/>
  <system-out/>
  <testcase classname="cs.lab.RegistraAppTest" name="testCase1" time="0.094"/>
  <system-out/>
  <testcase classname="cs.lab.RegistraAppTest" name="testCase1" time="0.073"/>
  <system-out/>
  <testcase classname="cs.lab.RegistraAppTest" name="testCase1" time="0.002"/>
  <system-out/>
  <testcase classname="cs.lab.RegistraAppTest" name="testCase1" time="0.148"/>
  <system-out/>
  <testcase classname="cs.lab.RegistraAppTest" name="testCase1" time="0.105"/>
  <system-out/>
  <testcase classname="cs.lab.RegistraAppTest" name="testCase1" time="0.119"/>
  <system-out/>
  <testcase classname="cs.lab.RegistraAppTest" name="testCase1" time="0.093"/>
  <system-out/>
  <testcase classname="cs.lab.RegistraAppTest" name="testCase1" time="0.157"/>
  <system-out/>
  <testcase classname="cs.lab.RegistraAppTest" name="testCase1" time="0.090"/>
  <system-out/>
  <testcase classname="cs.lab.RegistraAppTest" name="testCase1" time="0.093"/>
  <system-out/>
  <testcase classname="cs.lab.RegistraAppTest" name="testCase1" time="0.137"/>
  <system-out/>
  <testcase classname="cs.lab.RegistraAppTest" name="testCase1" time="0.155"/>
  <system-out/>
  <testcase classname="cs.lab.RegistraAppTest" name="testCase1" time="0.121"/>
  <system-out/>
  <testcase classname="cs.lab.RegistraAppTest" name="testCase1" time="0.092"/>
  <system-out/>
</testsuite> <!-- cs.lab.RegistraAppTest -->
