<?xml version="1.0" encoding="UTF-8"?>
<!-- Generated by org.testng.reporters.JUnitReportReporter -->
<testsuite hostname="Carloss-MacBook-Pro.local" failures="0" tests="103" name="cs.lab.RegistraAppTest" time="9.648" errors="0" timestamp="2020-10-08T10:17:36 PET" skipped="0">
  <testcase classname="cs.lab.RegistraAppTest" name="testCase1" time="0.119"/>
  <system-out/>
  <testcase classname="cs.lab.RegistraAppTest" name="testCase1" time="0.111"/>
  <system-out/>
  <testcase classname="cs.lab.RegistraAppTest" name="testCase1" time="0.078"/>
  <system-out/>
  <testcase classname="cs.lab.RegistraAppTest" name="testCase1" time="0.117"/>
  <system-out/>
  <testcase classname="cs.lab.RegistraAppTest" name="testCase1" time="0.144"/>
  <system-out/>
  <testcase classname="cs.lab.RegistraAppTest" name="testCase1" time="0.110"/>
  <system-out/>
  <testcase classname="cs.lab.RegistraAppTest" name="testCase1" time="0.132"/>
  <system-out/>
  <testcase classname="cs.lab.RegistraAppTest" name="testCase1" time="0.112"/>
  <system-out/>
  <testcase classname="cs.lab.RegistraAppTest" name="testCase1" time="0.095"/>
  <system-out/>
  <testcase classname="cs.lab.RegistraAppTest" name="testCase1" time="0.078"/>
  <system-out/>
  <testcase classname="cs.lab.RegistraAppTest" name="testCase1" time="0.004"/>
  <system-out/>
  <testcase classname="cs.lab.RegistraAppTest" name="testCase1" time="0.151"/>
  <system-out/>
  <testcase classname="cs.lab.RegistraAppTest" name="testCase1" time="0.119"/>
  <system-out/>
  <testcase classname="cs.lab.RegistraAppTest" name="testCase1" time="0.116"/>
  <system-out/>
  <testcase classname="cs.lab.RegistraAppTest" name="testCase1" time="0.112"/>
  <system-out/>
  <testcase classname="cs.lab.RegistraAppTest" name="testCase1" time="0.111"/>
  <system-out/>
  <testcase classname="cs.lab.RegistraAppTest" name="testCase1" time="0.093"/>
  <system-out/>
  <testcase classname="cs.lab.RegistraAppTest" name="testCase1" time="0.135"/>
  <system-out/>
  <testcase classname="cs.lab.RegistraAppTest" name="testCase1" time="0.113"/>
  <system-out/>
  <testcase classname="cs.lab.RegistraAppTest" name="testCase1" time="0.111"/>
  <system-out/>
  <testcase classname="cs.lab.RegistraAppTest" name="testCase1" time="0.094"/>
  <system-out/>
  <testcase classname="cs.lab.RegistraAppTest" name="testCase1" time="0.005"/>
  <system-out/>
  <testcase classname="cs.lab.RegistraAppTest" name="testCase1" time="0.100"/>
  <system-out/>
  <testcase classname="cs.lab.RegistraAppTest" name="testCase1" time="0.112"/>
  <system-out/>
  <testcase classname="cs.lab.RegistraAppTest" name="testCase1" time="0.087"/>
  <system-out/>
  <testcase classname="cs.lab.RegistraAppTest" name="testCase3" time="0.000"/>
  <system-out/>
  <testcase classname="cs.lab.RegistraAppTest" name="testCase1" time="0.114"/>
  <system-out/>
  <testcase classname="cs.lab.RegistraAppTest" name="testCase1" time="0.101"/>
  <system-out/>
  <testcase classname="cs.lab.RegistraAppTest" name="testCase1" time="0.117"/>
  <system-out/>
  <testcase classname="cs.lab.RegistraAppTest" name="testCase1" time="0.098"/>
  <system-out/>
  <testcase classname="cs.lab.RegistraAppTest" name="testCase0" time="0.046"/>
  <system-out/>
  <testcase classname="cs.lab.RegistraAppTest" name="testCase1" time="0.025"/>
  <system-out/>
  <testcase classname="cs.lab.RegistraAppTest" name="testCase1" time="0.003"/>
  <system-out/>
  <testcase classname="cs.lab.RegistraAppTest" name="testCase1" time="0.077"/>
  <system-out/>
  <testcase classname="cs.lab.RegistraAppTest" name="testCase1" time="0.090"/>
  <system-out/>
  <testcase classname="cs.lab.RegistraAppTest" name="testCase1" time="0.098"/>
  <system-out/>
  <testcase classname="cs.lab.RegistraAppTest" name="testCase1" time="0.124"/>
  <system-out/>
  <testcase classname="cs.lab.RegistraAppTest" name="testCase1" time="0.120"/>
  <system-out/>
  <testcase classname="cs.lab.RegistraAppTest" name="testCase1" time="0.094"/>
  <system-out/>
  <testcase classname="cs.lab.RegistraAppTest" name="testCase1" time="0.143"/>
  <system-out/>
  <testcase classname="cs.lab.RegistraAppTest" name="testCase1" time="0.097"/>
  <system-out/>
  <testcase classname="cs.lab.RegistraAppTest" name="testCase1" time="0.080"/>
  <system-out/>
  <testcase classname="cs.lab.RegistraAppTest" name="testCase1" time="0.110"/>
  <system-out/>
  <testcase classname="cs.lab.RegistraAppTest" name="testCase1" time="0.108"/>
  <system-out/>
  <testcase classname="cs.lab.RegistraAppTest" name="testCase1" time="0.049"/>
  <system-out/>
  <testcase classname="cs.lab.RegistraAppTest" name="testCase1" time="0.111"/>
  <system-out/>
  <testcase classname="cs.lab.RegistraAppTest" name="testCase1" time="0.092"/>
  <system-out/>
  <testcase classname="cs.lab.RegistraAppTest" name="testCase1" time="0.099"/>
  <system-out/>
  <testcase classname="cs.lab.RegistraAppTest" name="testCase1" time="0.084"/>
  <system-out/>
  <testcase classname="cs.lab.RegistraAppTest" name="testCase1" time="0.101"/>
  <system-out/>
  <testcase classname="cs.lab.RegistraAppTest" name="testCase1" time="0.094"/>
  <system-out/>
  <testcase classname="cs.lab.RegistraAppTest" name="testCase1" time="0.087"/>
  <system-out/>
  <testcase classname="cs.lab.RegistraAppTest" name="testCase1" time="0.113"/>
  <system-out/>
  <testcase classname="cs.lab.RegistraAppTest" name="testCase1" time="0.093"/>
  <system-out/>
  <testcase classname="cs.lab.RegistraAppTest" name="testCase1" time="0.094"/>
  <system-out/>
  <testcase classname="cs.lab.RegistraAppTest" name="testCase1" time="0.102"/>
  <system-out/>
  <testcase classname="cs.lab.RegistraAppTest" name="testCase1" time="0.093"/>
  <system-out/>
  <testcase classname="cs.lab.RegistraAppTest" name="testCase1" time="0.121"/>
  <system-out/>
  <testcase classname="cs.lab.RegistraAppTest" name="testCase1" time="0.135"/>
  <system-out/>
  <testcase classname="cs.lab.RegistraAppTest" name="testCase1" time="0.059"/>
  <system-out/>
  <testcase classname="cs.lab.RegistraAppTest" name="testCase1" time="0.113"/>
  <system-out/>
  <testcase classname="cs.lab.RegistraAppTest" name="testCase1" time="0.099"/>
  <system-out/>
  <testcase classname="cs.lab.RegistraAppTest" name="testCase1" time="0.108"/>
  <system-out/>
  <testcase classname="cs.lab.RegistraAppTest" name="testCase1" time="0.111"/>
  <system-out/>
  <testcase classname="cs.lab.RegistraAppTest" name="testCase1" time="0.094"/>
  <system-out/>
  <testcase classname="cs.lab.RegistraAppTest" name="testCase1" time="0.087"/>
  <system-out/>
  <testcase classname="cs.lab.RegistraAppTest" name="testCase1" time="0.120"/>
  <system-out/>
  <testcase classname="cs.lab.RegistraAppTest" name="testCase1" time="0.100"/>
  <system-out/>
  <testcase classname="cs.lab.RegistraAppTest" name="testCase1" time="0.019"/>
  <system-out/>
  <testcase classname="cs.lab.RegistraAppTest" name="testCase1" time="0.093"/>
  <system-out/>
  <testcase classname="cs.lab.RegistraAppTest" name="testCase1" time="0.112"/>
  <system-out/>
  <testcase classname="cs.lab.RegistraAppTest" name="testCase1" time="0.116"/>
  <system-out/>
  <testcase classname="cs.lab.RegistraAppTest" name="testCase1" time="0.031"/>
  <system-out/>
  <testcase classname="cs.lab.RegistraAppTest" name="testCase1" time="0.112"/>
  <system-out/>
  <testcase classname="cs.lab.RegistraAppTest" name="testCase1" time="0.094"/>
  <system-out/>
  <testcase classname="cs.lab.RegistraAppTest" name="testCase1" time="0.029"/>
  <system-out/>
  <testcase classname="cs.lab.RegistraAppTest" name="testCase1" time="0.113"/>
  <system-out/>
  <testcase classname="cs.lab.RegistraAppTest" name="testCase1" time="0.113"/>
  <system-out/>
  <testcase classname="cs.lab.RegistraAppTest" name="testCase1" time="0.110"/>
  <system-out/>
  <testcase classname="cs.lab.RegistraAppTest" name="testCase1" time="0.080"/>
  <system-out/>
  <testcase classname="cs.lab.RegistraAppTest" name="testCase1" time="0.077"/>
  <system-out/>
  <testcase classname="cs.lab.RegistraAppTest" name="testCase1" time="0.003"/>
  <system-out/>
  <testcase classname="cs.lab.RegistraAppTest" name="testCase1" time="0.117"/>
  <system-out/>
  <testcase classname="cs.lab.RegistraAppTest" name="testCase2" time="0.001"/>
  <system-out/>
  <testcase classname="cs.lab.RegistraAppTest" name="testCase1" time="0.094"/>
  <system-out/>
  <testcase classname="cs.lab.RegistraAppTest" name="testCase1" time="0.093"/>
  <system-out/>
  <testcase classname="cs.lab.RegistraAppTest" name="testCase1" time="0.077"/>
  <system-out/>
  <testcase classname="cs.lab.RegistraAppTest" name="testCase1" time="0.142"/>
  <system-out/>
  <testcase classname="cs.lab.RegistraAppTest" name="testCase1" time="0.019"/>
  <system-out/>
  <testcase classname="cs.lab.RegistraAppTest" name="testCase1" time="0.094"/>
  <system-out/>
  <testcase classname="cs.lab.RegistraAppTest" name="testCase1" time="0.094"/>
  <system-out/>
  <testcase classname="cs.lab.RegistraAppTest" name="testCase1" time="0.118"/>
  <system-out/>
  <testcase classname="cs.lab.RegistraAppTest" name="testCase1" time="0.093"/>
  <system-out/>
  <testcase classname="cs.lab.RegistraAppTest" name="testCase1" time="0.121"/>
  <system-out/>
  <testcase classname="cs.lab.RegistraAppTest" name="testCase1" time="0.092"/>
  <system-out/>
  <testcase classname="cs.lab.RegistraAppTest" name="testCase1" time="0.026"/>
  <system-out/>
  <testcase classname="cs.lab.RegistraAppTest" name="testCase1" time="0.149"/>
  <system-out/>
  <testcase classname="cs.lab.RegistraAppTest" name="testCase1" time="0.120"/>
  <system-out/>
  <testcase classname="cs.lab.RegistraAppTest" name="testCase1" time="0.111"/>
  <system-out/>
  <testcase classname="cs.lab.RegistraAppTest" name="testCase1" time="0.121"/>
  <system-out/>
  <testcase classname="cs.lab.RegistraAppTest" name="testCase1" time="0.092"/>
  <system-out/>
  <testcase classname="cs.lab.RegistraAppTest" name="testCase1" time="0.094"/>
  <system-out/>
  <testcase classname="cs.lab.RegistraAppTest" name="testCase1" time="0.115"/>
  <system-out/>
</testsuite> <!-- cs.lab.RegistraAppTest -->
