<?xml version="1.0" encoding="UTF-8"?>
<!-- Generated by org.testng.reporters.JUnitReportReporter -->
<testsuite hostname="Carloss-MacBook-Pro.local" failures="0" tests="103" name="cs.lab.RegistraAppTest" time="9.193" errors="0" timestamp="2020-10-08T10:14:59 PET" skipped="0">
  <testcase classname="cs.lab.RegistraAppTest" name="testCase1" time="0.060"/>
  <system-out/>
  <testcase classname="cs.lab.RegistraAppTest" name="testCase1" time="0.131"/>
  <system-out/>
  <testcase classname="cs.lab.RegistraAppTest" name="testCase1" time="0.102"/>
  <system-out/>
  <testcase classname="cs.lab.RegistraAppTest" name="testCase1" time="0.003"/>
  <system-out/>
  <testcase classname="cs.lab.RegistraAppTest" name="testCase1" time="0.057"/>
  <system-out/>
  <testcase classname="cs.lab.RegistraAppTest" name="testCase1" time="0.003"/>
  <system-out/>
  <testcase classname="cs.lab.RegistraAppTest" name="testCase1" time="0.095"/>
  <system-out/>
  <testcase classname="cs.lab.RegistraAppTest" name="testCase1" time="0.135"/>
  <system-out/>
  <testcase classname="cs.lab.RegistraAppTest" name="testCase1" time="0.002"/>
  <system-out/>
  <testcase classname="cs.lab.RegistraAppTest" name="testCase1" time="0.005"/>
  <system-out/>
  <testcase classname="cs.lab.RegistraAppTest" name="testCase1" time="0.133"/>
  <system-out/>
  <testcase classname="cs.lab.RegistraAppTest" name="testCase1" time="0.130"/>
  <system-out/>
  <testcase classname="cs.lab.RegistraAppTest" name="testCase1" time="0.120"/>
  <system-out/>
  <testcase classname="cs.lab.RegistraAppTest" name="testCase1" time="0.128"/>
  <system-out/>
  <testcase classname="cs.lab.RegistraAppTest" name="testCase1" time="0.005"/>
  <system-out/>
  <testcase classname="cs.lab.RegistraAppTest" name="testCase1" time="0.126"/>
  <system-out/>
  <testcase classname="cs.lab.RegistraAppTest" name="testCase1" time="0.128"/>
  <system-out/>
  <testcase classname="cs.lab.RegistraAppTest" name="testCase1" time="0.120"/>
  <system-out/>
  <testcase classname="cs.lab.RegistraAppTest" name="testCase1" time="0.044"/>
  <system-out/>
  <testcase classname="cs.lab.RegistraAppTest" name="testCase1" time="0.088"/>
  <system-out/>
  <testcase classname="cs.lab.RegistraAppTest" name="testCase1" time="0.006"/>
  <system-out/>
  <testcase classname="cs.lab.RegistraAppTest" name="testCase1" time="0.101"/>
  <system-out/>
  <testcase classname="cs.lab.RegistraAppTest" name="testCase1" time="0.134"/>
  <system-out/>
  <testcase classname="cs.lab.RegistraAppTest" name="testCase1" time="0.161"/>
  <system-out/>
  <testcase classname="cs.lab.RegistraAppTest" name="testCase1" time="0.022"/>
  <system-out/>
  <testcase classname="cs.lab.RegistraAppTest" name="testCase1" time="0.107"/>
  <system-out/>
  <testcase classname="cs.lab.RegistraAppTest" name="testCase1" time="0.135"/>
  <system-out/>
  <testcase classname="cs.lab.RegistraAppTest" name="testCase1" time="0.002"/>
  <system-out/>
  <testcase classname="cs.lab.RegistraAppTest" name="testCase1" time="0.110"/>
  <system-out/>
  <testcase classname="cs.lab.RegistraAppTest" name="testCase1" time="0.072"/>
  <system-out/>
  <testcase classname="cs.lab.RegistraAppTest" name="testCase1" time="0.100"/>
  <system-out/>
  <testcase classname="cs.lab.RegistraAppTest" name="testCase1" time="0.130"/>
  <system-out/>
  <testcase classname="cs.lab.RegistraAppTest" name="testCase1" time="0.164"/>
  <system-out/>
  <testcase classname="cs.lab.RegistraAppTest" name="testCase1" time="0.104"/>
  <system-out/>
  <testcase classname="cs.lab.RegistraAppTest" name="testCase1" time="0.133"/>
  <system-out/>
  <testcase classname="cs.lab.RegistraAppTest" name="testCase1" time="0.133"/>
  <system-out/>
  <testcase classname="cs.lab.RegistraAppTest" name="testCase1" time="0.132"/>
  <system-out/>
  <testcase classname="cs.lab.RegistraAppTest" name="testCase1" time="0.089"/>
  <system-out/>
  <testcase classname="cs.lab.RegistraAppTest" name="testCase1" time="0.108"/>
  <system-out/>
  <testcase classname="cs.lab.RegistraAppTest" name="testCase1" time="0.114"/>
  <system-out/>
  <testcase classname="cs.lab.RegistraAppTest" name="testCase3" time="0.001"/>
  <system-out/>
  <testcase classname="cs.lab.RegistraAppTest" name="testCase1" time="0.034"/>
  <system-out/>
  <testcase classname="cs.lab.RegistraAppTest" name="testCase1" time="0.119"/>
  <system-out/>
  <testcase classname="cs.lab.RegistraAppTest" name="testCase1" time="0.101"/>
  <system-out/>
  <testcase classname="cs.lab.RegistraAppTest" name="testCase1" time="0.101"/>
  <system-out/>
  <testcase classname="cs.lab.RegistraAppTest" name="testCase1" time="0.125"/>
  <system-out/>
  <testcase classname="cs.lab.RegistraAppTest" name="testCase1" time="0.093"/>
  <system-out/>
  <testcase classname="cs.lab.RegistraAppTest" name="testCase1" time="0.104"/>
  <system-out/>
  <testcase classname="cs.lab.RegistraAppTest" name="testCase1" time="0.090"/>
  <system-out/>
  <testcase classname="cs.lab.RegistraAppTest" name="testCase1" time="0.053"/>
  <system-out/>
  <testcase classname="cs.lab.RegistraAppTest" name="testCase1" time="0.122"/>
  <system-out/>
  <testcase classname="cs.lab.RegistraAppTest" name="testCase1" time="0.099"/>
  <system-out/>
  <testcase classname="cs.lab.RegistraAppTest" name="testCase1" time="0.094"/>
  <system-out/>
  <testcase classname="cs.lab.RegistraAppTest" name="testCase1" time="0.095"/>
  <system-out/>
  <testcase classname="cs.lab.RegistraAppTest" name="testCase1" time="0.113"/>
  <system-out/>
  <testcase classname="cs.lab.RegistraAppTest" name="testCase1" time="0.069"/>
  <system-out/>
  <testcase classname="cs.lab.RegistraAppTest" name="testCase1" time="0.004"/>
  <system-out/>
  <testcase classname="cs.lab.RegistraAppTest" name="testCase1" time="0.133"/>
  <system-out/>
  <testcase classname="cs.lab.RegistraAppTest" name="testCase1" time="0.118"/>
  <system-out/>
  <testcase classname="cs.lab.RegistraAppTest" name="testCase1" time="0.083"/>
  <system-out/>
  <testcase classname="cs.lab.RegistraAppTest" name="testCase1" time="0.100"/>
  <system-out/>
  <testcase classname="cs.lab.RegistraAppTest" name="testCase1" time="0.102"/>
  <system-out/>
  <testcase classname="cs.lab.RegistraAppTest" name="testCase1" time="0.106"/>
  <system-out/>
  <testcase classname="cs.lab.RegistraAppTest" name="testCase1" time="0.083"/>
  <system-out/>
  <testcase classname="cs.lab.RegistraAppTest" name="testCase1" time="0.085"/>
  <system-out/>
  <testcase classname="cs.lab.RegistraAppTest" name="testCase1" time="0.103"/>
  <system-out/>
  <testcase classname="cs.lab.RegistraAppTest" name="testCase1" time="0.104"/>
  <system-out/>
  <testcase classname="cs.lab.RegistraAppTest" name="testCase1" time="0.128"/>
  <system-out/>
  <testcase classname="cs.lab.RegistraAppTest" name="testCase1" time="0.132"/>
  <system-out/>
  <testcase classname="cs.lab.RegistraAppTest" name="testCase1" time="0.104"/>
  <system-out/>
  <testcase classname="cs.lab.RegistraAppTest" name="testCase1" time="0.121"/>
  <system-out/>
  <testcase classname="cs.lab.RegistraAppTest" name="testCase1" time="0.102"/>
  <system-out/>
  <testcase classname="cs.lab.RegistraAppTest" name="testCase1" time="0.090"/>
  <system-out/>
  <testcase classname="cs.lab.RegistraAppTest" name="testCase1" time="0.135"/>
  <system-out/>
  <testcase classname="cs.lab.RegistraAppTest" name="testCase1" time="0.097"/>
  <system-out/>
  <testcase classname="cs.lab.RegistraAppTest" name="testCase1" time="0.145"/>
  <system-out/>
  <testcase classname="cs.lab.RegistraAppTest" name="testCase1" time="0.006"/>
  <system-out/>
  <testcase classname="cs.lab.RegistraAppTest" name="testCase1" time="0.034"/>
  <system-out/>
  <testcase classname="cs.lab.RegistraAppTest" name="testCase1" time="0.003"/>
  <system-out/>
  <testcase classname="cs.lab.RegistraAppTest" name="testCase1" time="0.027"/>
  <system-out/>
  <testcase classname="cs.lab.RegistraAppTest" name="testCase1" time="0.109"/>
  <system-out/>
  <testcase classname="cs.lab.RegistraAppTest" name="testCase1" time="0.129"/>
  <system-out/>
  <testcase classname="cs.lab.RegistraAppTest" name="testCase1" time="0.121"/>
  <system-out/>
  <testcase classname="cs.lab.RegistraAppTest" name="testCase1" time="0.135"/>
  <system-out/>
  <testcase classname="cs.lab.RegistraAppTest" name="testCase1" time="0.099"/>
  <system-out/>
  <testcase classname="cs.lab.RegistraAppTest" name="testCase1" time="0.090"/>
  <system-out/>
  <testcase classname="cs.lab.RegistraAppTest" name="testCase1" time="0.001"/>
  <system-out/>
  <testcase classname="cs.lab.RegistraAppTest" name="testCase1" time="0.132"/>
  <system-out/>
  <testcase classname="cs.lab.RegistraAppTest" name="testCase1" time="0.133"/>
  <system-out/>
  <testcase classname="cs.lab.RegistraAppTest" name="testCase1" time="0.136"/>
  <system-out/>
  <testcase classname="cs.lab.RegistraAppTest" name="testCase1" time="0.003"/>
  <system-out/>
  <testcase classname="cs.lab.RegistraAppTest" name="testCase1" time="0.019"/>
  <system-out/>
  <testcase classname="cs.lab.RegistraAppTest" name="testCase1" time="0.091"/>
  <system-out/>
  <testcase classname="cs.lab.RegistraAppTest" name="testCase1" time="0.111"/>
  <system-out/>
  <testcase classname="cs.lab.RegistraAppTest" name="testCase1" time="0.079"/>
  <system-out/>
  <testcase classname="cs.lab.RegistraAppTest" name="testCase1" time="0.135"/>
  <system-out/>
  <testcase classname="cs.lab.RegistraAppTest" name="testCase0" time="0.045"/>
  <system-out/>
  <testcase classname="cs.lab.RegistraAppTest" name="testCase1" time="0.065"/>
  <system-out/>
  <testcase classname="cs.lab.RegistraAppTest" name="testCase1" time="0.094"/>
  <system-out/>
  <testcase classname="cs.lab.RegistraAppTest" name="testCase2" time="0.001"/>
  <system-out/>
  <testcase classname="cs.lab.RegistraAppTest" name="testCase1" time="0.133"/>
  <system-out/>
  <testcase classname="cs.lab.RegistraAppTest" name="testCase1" time="0.006"/>
  <system-out/>
  <testcase classname="cs.lab.RegistraAppTest" name="testCase1" time="0.096"/>
  <system-out/>
</testsuite> <!-- cs.lab.RegistraAppTest -->
